20-May-2022 14:07:12.590 INFO [main] org.apache.catalina.core.ApplicationContext.log ContextListener: contextInitialized()
20-May-2022 14:07:12.590 INFO [main] org.apache.catalina.core.ApplicationContext.log SessionListener: contextInitialized()
20-May-2022 14:07:12.593 INFO [main] org.apache.catalina.core.ApplicationContext.log ContextListener: attributeAdded('StockTicker', 'async.Stockticker@c8b96ec')
20-May-2022 14:15:45.913 INFO [main] org.apache.catalina.core.ApplicationContext.log SessionListener: contextDestroyed()
20-May-2022 14:15:45.913 INFO [main] org.apache.catalina.core.ApplicationContext.log ContextListener: contextDestroyed()
20-May-2022 14:15:55.656 INFO [main] org.apache.catalina.core.ApplicationContext.log ContextListener: contextInitialized()
20-May-2022 14:15:55.656 INFO [main] org.apache.catalina.core.ApplicationContext.log SessionListener: contextInitialized()
20-May-2022 14:15:55.658 INFO [main] org.apache.catalina.core.ApplicationContext.log ContextListener: attributeAdded('StockTicker', 'async.Stockticker@2d8f2f3a')
20-May-2022 14:16:00.887 SEVERE [http-nio-9090-exec-1] org.apache.catalina.core.StandardWrapperValve.invoke Servlet.service() for servlet [InterfaceHandler] in context with path [] threw exception
	java.lang.NullPointerException
		at InterfaceHandler.doGet(InterfaceHandler.java:16)
		at javax.servlet.http.HttpServlet.service(HttpServlet.java:655)
		at javax.servlet.http.HttpServlet.service(HttpServlet.java:764)
		at org.apache.catalina.core.ApplicationFilterChain.internalDoFilter(ApplicationFilterChain.java:227)
		at org.apache.catalina.core.ApplicationFilterChain.doFilter(ApplicationFilterChain.java:162)
		at org.apache.tomcat.websocket.server.WsFilter.doFilter(WsFilter.java:53)
		at org.apache.catalina.core.ApplicationFilterChain.internalDoFilter(ApplicationFilterChain.java:189)
		at org.apache.catalina.core.ApplicationFilterChain.doFilter(ApplicationFilterChain.java:162)
		at org.apache.catalina.core.StandardWrapperValve.invoke(StandardWrapperValve.java:197)
		at org.apache.catalina.core.StandardContextValve.invoke(StandardContextValve.java:97)
		at org.apache.catalina.authenticator.AuthenticatorBase.invoke(AuthenticatorBase.java:541)
		at org.apache.catalina.core.StandardHostValve.invoke(StandardHostValve.java:135)
		at org.apache.catalina.valves.ErrorReportValve.invoke(ErrorReportValve.java:92)
		at org.apache.catalina.valves.AbstractAccessLogValve.invoke(AbstractAccessLogValve.java:687)
		at org.apache.catalina.core.StandardEngineValve.invoke(StandardEngineValve.java:78)
		at org.apache.catalina.connector.CoyoteAdapter.service(CoyoteAdapter.java:360)
		at org.apache.coyote.http11.Http11Processor.service(Http11Processor.java:399)
		at org.apache.coyote.AbstractProcessorLight.process(AbstractProcessorLight.java:65)
		at org.apache.coyote.AbstractProtocol$ConnectionHandler.process(AbstractProtocol.java:890)
		at org.apache.tomcat.util.net.NioEndpoint$SocketProcessor.doRun(NioEndpoint.java:1743)
		at org.apache.tomcat.util.net.SocketProcessorBase.run(SocketProcessorBase.java:49)
		at org.apache.tomcat.util.threads.ThreadPoolExecutor.runWorker(ThreadPoolExecutor.java:1191)
		at org.apache.tomcat.util.threads.ThreadPoolExecutor$Worker.run(ThreadPoolExecutor.java:659)
		at org.apache.tomcat.util.threads.TaskThread$WrappingRunnable.run(TaskThread.java:61)
		at java.base/java.lang.Thread.run(Thread.java:829)
20-May-2022 14:21:22.588 INFO [main] org.apache.catalina.core.ApplicationContext.log SessionListener: contextDestroyed()
20-May-2022 14:21:22.588 INFO [main] org.apache.catalina.core.ApplicationContext.log ContextListener: contextDestroyed()
20-May-2022 14:21:27.018 INFO [main] org.apache.catalina.core.ApplicationContext.log ContextListener: contextInitialized()
20-May-2022 14:21:27.019 INFO [main] org.apache.catalina.core.ApplicationContext.log SessionListener: contextInitialized()
20-May-2022 14:21:27.021 INFO [main] org.apache.catalina.core.ApplicationContext.log ContextListener: attributeAdded('StockTicker', 'async.Stockticker@c8b96ec')
20-May-2022 14:21:56.579 INFO [Thread-2] org.apache.catalina.core.ApplicationContext.log SessionListener: contextDestroyed()
20-May-2022 14:21:56.579 INFO [Thread-2] org.apache.catalina.core.ApplicationContext.log ContextListener: contextDestroyed()
20-May-2022 14:24:26.534 INFO [main] org.apache.catalina.core.ApplicationContext.log ContextListener: contextInitialized()
20-May-2022 14:24:26.534 INFO [main] org.apache.catalina.core.ApplicationContext.log SessionListener: contextInitialized()
20-May-2022 14:24:26.536 INFO [main] org.apache.catalina.core.ApplicationContext.log ContextListener: attributeAdded('StockTicker', 'async.Stockticker@1b39fd82')
20-May-2022 14:24:38.489 SEVERE [http-nio-9090-exec-3] org.apache.catalina.core.StandardWrapperValve.invoke Servlet.service() for servlet [InterfaceHandler] in context with path [] threw exception
	java.lang.NullPointerException
		at InterfaceHandler.doGet(InterfaceHandler.java:16)
		at javax.servlet.http.HttpServlet.service(HttpServlet.java:655)
		at javax.servlet.http.HttpServlet.service(HttpServlet.java:764)
		at org.apache.catalina.core.ApplicationFilterChain.internalDoFilter(ApplicationFilterChain.java:227)
		at org.apache.catalina.core.ApplicationFilterChain.doFilter(ApplicationFilterChain.java:162)
		at org.apache.tomcat.websocket.server.WsFilter.doFilter(WsFilter.java:53)
		at org.apache.catalina.core.ApplicationFilterChain.internalDoFilter(ApplicationFilterChain.java:189)
		at org.apache.catalina.core.ApplicationFilterChain.doFilter(ApplicationFilterChain.java:162)
		at org.apache.catalina.core.StandardWrapperValve.invoke(StandardWrapperValve.java:197)
		at org.apache.catalina.core.StandardContextValve.invoke(StandardContextValve.java:97)
		at org.apache.catalina.authenticator.AuthenticatorBase.invoke(AuthenticatorBase.java:541)
		at org.apache.catalina.core.StandardHostValve.invoke(StandardHostValve.java:135)
		at org.apache.catalina.valves.ErrorReportValve.invoke(ErrorReportValve.java:92)
		at org.apache.catalina.valves.AbstractAccessLogValve.invoke(AbstractAccessLogValve.java:687)
		at org.apache.catalina.core.StandardEngineValve.invoke(StandardEngineValve.java:78)
		at org.apache.catalina.connector.CoyoteAdapter.service(CoyoteAdapter.java:360)
		at org.apache.coyote.http11.Http11Processor.service(Http11Processor.java:399)
		at org.apache.coyote.AbstractProcessorLight.process(AbstractProcessorLight.java:65)
		at org.apache.coyote.AbstractProtocol$ConnectionHandler.process(AbstractProtocol.java:890)
		at org.apache.tomcat.util.net.NioEndpoint$SocketProcessor.doRun(NioEndpoint.java:1743)
		at org.apache.tomcat.util.net.SocketProcessorBase.run(SocketProcessorBase.java:49)
		at org.apache.tomcat.util.threads.ThreadPoolExecutor.runWorker(ThreadPoolExecutor.java:1191)
		at org.apache.tomcat.util.threads.ThreadPoolExecutor$Worker.run(ThreadPoolExecutor.java:659)
		at org.apache.tomcat.util.threads.TaskThread$WrappingRunnable.run(TaskThread.java:61)
		at java.base/java.lang.Thread.run(Thread.java:829)
20-May-2022 14:28:50.471 INFO [main] org.apache.catalina.core.ApplicationContext.log SessionListener: contextDestroyed()
20-May-2022 14:28:50.471 INFO [main] org.apache.catalina.core.ApplicationContext.log ContextListener: contextDestroyed()
20-May-2022 14:28:54.587 INFO [main] org.apache.catalina.core.ApplicationContext.log ContextListener: contextInitialized()
20-May-2022 14:28:54.587 INFO [main] org.apache.catalina.core.ApplicationContext.log SessionListener: contextInitialized()
20-May-2022 14:28:54.589 INFO [main] org.apache.catalina.core.ApplicationContext.log ContextListener: attributeAdded('StockTicker', 'async.Stockticker@1b39fd82')
20-May-2022 14:33:05.867 INFO [main] org.apache.catalina.core.ApplicationContext.log SessionListener: contextDestroyed()
20-May-2022 14:33:05.868 INFO [main] org.apache.catalina.core.ApplicationContext.log ContextListener: contextDestroyed()
20-May-2022 14:33:11.758 INFO [main] org.apache.catalina.core.ApplicationContext.log ContextListener: contextInitialized()
20-May-2022 14:33:11.759 INFO [main] org.apache.catalina.core.ApplicationContext.log SessionListener: contextInitialized()
20-May-2022 14:33:11.762 INFO [main] org.apache.catalina.core.ApplicationContext.log ContextListener: attributeAdded('StockTicker', 'async.Stockticker@21680803')
20-May-2022 14:33:47.895 INFO [main] org.apache.catalina.core.ApplicationContext.log SessionListener: contextDestroyed()
20-May-2022 14:33:47.895 INFO [main] org.apache.catalina.core.ApplicationContext.log ContextListener: contextDestroyed()
20-May-2022 14:35:45.194 INFO [main] org.apache.catalina.core.ApplicationContext.log ContextListener: contextInitialized()
20-May-2022 14:35:45.195 INFO [main] org.apache.catalina.core.ApplicationContext.log SessionListener: contextInitialized()
20-May-2022 14:35:45.198 INFO [main] org.apache.catalina.core.ApplicationContext.log ContextListener: attributeAdded('StockTicker', 'async.Stockticker@c8b96ec')
20-May-2022 14:38:22.131 INFO [main] org.apache.catalina.core.ApplicationContext.log ContextListener: contextInitialized()
20-May-2022 14:38:22.131 INFO [main] org.apache.catalina.core.ApplicationContext.log SessionListener: contextInitialized()
20-May-2022 14:38:22.133 INFO [main] org.apache.catalina.core.ApplicationContext.log ContextListener: attributeAdded('StockTicker', 'async.Stockticker@21680803')
20-May-2022 14:43:00.989 INFO [main] org.apache.catalina.core.ApplicationContext.log SessionListener: contextDestroyed()
20-May-2022 14:43:00.990 INFO [main] org.apache.catalina.core.ApplicationContext.log ContextListener: contextDestroyed()
20-May-2022 14:43:05.258 INFO [main] org.apache.catalina.core.ApplicationContext.log ContextListener: contextInitialized()
20-May-2022 14:43:05.258 INFO [main] org.apache.catalina.core.ApplicationContext.log SessionListener: contextInitialized()
20-May-2022 14:43:05.260 INFO [main] org.apache.catalina.core.ApplicationContext.log ContextListener: attributeAdded('StockTicker', 'async.Stockticker@3a80515c')
20-May-2022 14:44:27.499 INFO [main] org.apache.catalina.core.ApplicationContext.log SessionListener: contextDestroyed()
20-May-2022 14:44:27.500 INFO [main] org.apache.catalina.core.ApplicationContext.log ContextListener: contextDestroyed()
20-May-2022 14:46:34.263 INFO [main] org.apache.catalina.core.ApplicationContext.log ContextListener: contextInitialized()
20-May-2022 14:46:34.263 INFO [main] org.apache.catalina.core.ApplicationContext.log SessionListener: contextInitialized()
20-May-2022 14:46:34.266 INFO [main] org.apache.catalina.core.ApplicationContext.log ContextListener: attributeAdded('StockTicker', 'async.Stockticker@2d8f2f3a')
20-May-2022 14:50:00.858 INFO [main] org.apache.catalina.core.ApplicationContext.log SessionListener: contextDestroyed()
20-May-2022 14:50:00.858 INFO [main] org.apache.catalina.core.ApplicationContext.log ContextListener: contextDestroyed()
20-May-2022 14:50:05.457 INFO [main] org.apache.catalina.core.ApplicationContext.log ContextListener: contextInitialized()
20-May-2022 14:50:05.457 INFO [main] org.apache.catalina.core.ApplicationContext.log SessionListener: contextInitialized()
20-May-2022 14:50:05.458 INFO [main] org.apache.catalina.core.ApplicationContext.log ContextListener: attributeAdded('StockTicker', 'async.Stockticker@588ab592')
20-May-2022 15:01:17.707 INFO [main] org.apache.catalina.core.ApplicationContext.log SessionListener: contextDestroyed()
20-May-2022 15:01:17.707 INFO [main] org.apache.catalina.core.ApplicationContext.log ContextListener: contextDestroyed()
20-May-2022 15:01:23.503 INFO [main] org.apache.catalina.core.ApplicationContext.log ContextListener: contextInitialized()
20-May-2022 15:01:23.503 INFO [main] org.apache.catalina.core.ApplicationContext.log SessionListener: contextInitialized()
20-May-2022 15:01:23.506 INFO [main] org.apache.catalina.core.ApplicationContext.log ContextListener: attributeAdded('StockTicker', 'async.Stockticker@29caf222')
20-May-2022 15:02:15.542 INFO [main] org.apache.catalina.core.ApplicationContext.log ContextListener: contextInitialized()
20-May-2022 15:02:15.543 INFO [main] org.apache.catalina.core.ApplicationContext.log SessionListener: contextInitialized()
20-May-2022 15:02:15.548 INFO [main] org.apache.catalina.core.ApplicationContext.log ContextListener: attributeAdded('StockTicker', 'async.Stockticker@29caf222')
20-May-2022 15:03:52.982 INFO [main] org.apache.catalina.core.ApplicationContext.log SessionListener: contextDestroyed()
20-May-2022 15:03:52.983 INFO [main] org.apache.catalina.core.ApplicationContext.log ContextListener: contextDestroyed()
20-May-2022 15:03:57.652 INFO [main] org.apache.catalina.core.ApplicationContext.log ContextListener: contextInitialized()
20-May-2022 15:03:57.652 INFO [main] org.apache.catalina.core.ApplicationContext.log SessionListener: contextInitialized()
20-May-2022 15:03:57.655 INFO [main] org.apache.catalina.core.ApplicationContext.log ContextListener: attributeAdded('StockTicker', 'async.Stockticker@29caf222')
20-May-2022 15:05:42.585 INFO [main] org.apache.catalina.core.ApplicationContext.log SessionListener: contextDestroyed()
20-May-2022 15:05:42.586 INFO [main] org.apache.catalina.core.ApplicationContext.log ContextListener: contextDestroyed()
20-May-2022 15:05:46.868 INFO [main] org.apache.catalina.core.ApplicationContext.log ContextListener: contextInitialized()
20-May-2022 15:05:46.869 INFO [main] org.apache.catalina.core.ApplicationContext.log SessionListener: contextInitialized()
20-May-2022 15:05:46.871 INFO [main] org.apache.catalina.core.ApplicationContext.log ContextListener: attributeAdded('StockTicker', 'async.Stockticker@5851bd4f')
20-May-2022 15:07:27.532 INFO [main] org.apache.catalina.core.ApplicationContext.log SessionListener: contextDestroyed()
20-May-2022 15:07:27.532 INFO [main] org.apache.catalina.core.ApplicationContext.log ContextListener: contextDestroyed()
20-May-2022 15:07:33.333 INFO [main] org.apache.catalina.core.ApplicationContext.log ContextListener: contextInitialized()
20-May-2022 15:07:33.333 INFO [main] org.apache.catalina.core.ApplicationContext.log SessionListener: contextInitialized()
20-May-2022 15:07:33.336 INFO [main] org.apache.catalina.core.ApplicationContext.log ContextListener: attributeAdded('StockTicker', 'async.Stockticker@238b521e')
20-May-2022 15:12:37.499 INFO [main] org.apache.catalina.core.ApplicationContext.log SessionListener: contextDestroyed()
20-May-2022 15:12:37.499 INFO [main] org.apache.catalina.core.ApplicationContext.log ContextListener: contextDestroyed()
20-May-2022 15:12:42.702 INFO [main] org.apache.catalina.core.ApplicationContext.log ContextListener: contextInitialized()
20-May-2022 15:12:42.702 INFO [main] org.apache.catalina.core.ApplicationContext.log SessionListener: contextInitialized()
20-May-2022 15:12:42.704 INFO [main] org.apache.catalina.core.ApplicationContext.log ContextListener: attributeAdded('StockTicker', 'async.Stockticker@3e2fc448')
20-May-2022 15:14:10.210 INFO [main] org.apache.catalina.core.ApplicationContext.log SessionListener: contextDestroyed()
20-May-2022 15:14:10.210 INFO [main] org.apache.catalina.core.ApplicationContext.log ContextListener: contextDestroyed()
20-May-2022 15:14:15.226 INFO [main] org.apache.catalina.core.ApplicationContext.log ContextListener: contextInitialized()
20-May-2022 15:14:15.226 INFO [main] org.apache.catalina.core.ApplicationContext.log SessionListener: contextInitialized()
20-May-2022 15:14:15.229 INFO [main] org.apache.catalina.core.ApplicationContext.log ContextListener: attributeAdded('StockTicker', 'async.Stockticker@2024293c')
20-May-2022 15:15:34.035 INFO [main] org.apache.catalina.core.ApplicationContext.log SessionListener: contextDestroyed()
20-May-2022 15:15:34.035 INFO [main] org.apache.catalina.core.ApplicationContext.log ContextListener: contextDestroyed()
20-May-2022 15:15:40.640 INFO [main] org.apache.catalina.core.ApplicationContext.log ContextListener: contextInitialized()
20-May-2022 15:15:40.640 INFO [main] org.apache.catalina.core.ApplicationContext.log SessionListener: contextInitialized()
20-May-2022 15:15:40.643 INFO [main] org.apache.catalina.core.ApplicationContext.log ContextListener: attributeAdded('StockTicker', 'async.Stockticker@1d572e62')
20-May-2022 15:16:21.803 INFO [main] org.apache.catalina.core.ApplicationContext.log SessionListener: contextDestroyed()
20-May-2022 15:16:21.804 INFO [main] org.apache.catalina.core.ApplicationContext.log ContextListener: contextDestroyed()
20-May-2022 15:16:26.419 INFO [main] org.apache.catalina.core.ApplicationContext.log ContextListener: contextInitialized()
20-May-2022 15:16:26.419 INFO [main] org.apache.catalina.core.ApplicationContext.log SessionListener: contextInitialized()
20-May-2022 15:16:26.421 INFO [main] org.apache.catalina.core.ApplicationContext.log ContextListener: attributeAdded('StockTicker', 'async.Stockticker@46cf05f7')
20-May-2022 15:19:01.519 INFO [main] org.apache.catalina.core.ApplicationContext.log SessionListener: contextDestroyed()
20-May-2022 15:19:01.519 INFO [main] org.apache.catalina.core.ApplicationContext.log ContextListener: contextDestroyed()
20-May-2022 15:19:09.477 INFO [main] org.apache.catalina.core.ApplicationContext.log ContextListener: contextInitialized()
20-May-2022 15:19:09.477 INFO [main] org.apache.catalina.core.ApplicationContext.log SessionListener: contextInitialized()
20-May-2022 15:19:09.480 INFO [main] org.apache.catalina.core.ApplicationContext.log ContextListener: attributeAdded('StockTicker', 'async.Stockticker@547e29a4')
20-May-2022 15:22:42.136 INFO [main] org.apache.catalina.core.ApplicationContext.log SessionListener: contextDestroyed()
20-May-2022 15:22:42.136 INFO [main] org.apache.catalina.core.ApplicationContext.log ContextListener: contextDestroyed()
20-May-2022 15:22:47.885 INFO [main] org.apache.catalina.core.ApplicationContext.log ContextListener: contextInitialized()
20-May-2022 15:22:47.885 INFO [main] org.apache.catalina.core.ApplicationContext.log SessionListener: contextInitialized()
20-May-2022 15:22:47.887 INFO [main] org.apache.catalina.core.ApplicationContext.log ContextListener: attributeAdded('StockTicker', 'async.Stockticker@1c807b1d')
20-May-2022 15:27:48.193 INFO [Thread-2] org.apache.catalina.core.ApplicationContext.log SessionListener: contextDestroyed()
20-May-2022 15:27:48.194 INFO [Thread-2] org.apache.catalina.core.ApplicationContext.log ContextListener: contextDestroyed()
20-May-2022 15:28:16.218 INFO [main] org.apache.catalina.core.ApplicationContext.log ContextListener: contextInitialized()
20-May-2022 15:28:16.218 INFO [main] org.apache.catalina.core.ApplicationContext.log SessionListener: contextInitialized()
20-May-2022 15:28:16.222 INFO [main] org.apache.catalina.core.ApplicationContext.log ContextListener: attributeAdded('StockTicker', 'async.Stockticker@238b521e')
20-May-2022 15:46:30.642 INFO [main] org.apache.catalina.core.ApplicationContext.log ContextListener: contextInitialized()
20-May-2022 15:46:30.642 INFO [main] org.apache.catalina.core.ApplicationContext.log SessionListener: contextInitialized()
20-May-2022 15:46:30.647 INFO [main] org.apache.catalina.core.ApplicationContext.log ContextListener: attributeAdded('StockTicker', 'async.Stockticker@2d8f2f3a')
20-May-2022 15:50:14.398 INFO [Thread-2] org.apache.catalina.core.ApplicationContext.log SessionListener: contextDestroyed()
20-May-2022 15:50:14.398 INFO [Thread-2] org.apache.catalina.core.ApplicationContext.log ContextListener: contextDestroyed()
20-May-2022 15:50:30.533 INFO [main] org.apache.catalina.core.ApplicationContext.log ContextListener: contextInitialized()
20-May-2022 15:50:30.534 INFO [main] org.apache.catalina.core.ApplicationContext.log SessionListener: contextInitialized()
20-May-2022 15:50:30.536 INFO [main] org.apache.catalina.core.ApplicationContext.log ContextListener: attributeAdded('StockTicker', 'async.Stockticker@c8b96ec')
20-May-2022 15:51:28.374 INFO [http-nio-9090-exec-3] org.apache.catalina.core.ApplicationContext.log Marking servlet [InterfaceHandler] as unavailable
20-May-2022 15:51:28.376 SEVERE [http-nio-9090-exec-3] org.apache.catalina.core.StandardWrapperValve.invoke Allocate exception for servlet [InterfaceHandler]
	java.lang.ClassNotFoundException: InterfaceHandler
		at org.apache.catalina.loader.WebappClassLoaderBase.loadClass(WebappClassLoaderBase.java:1412)
		at org.apache.catalina.loader.WebappClassLoaderBase.loadClass(WebappClassLoaderBase.java:1220)
		at org.apache.catalina.core.DefaultInstanceManager.loadClass(DefaultInstanceManager.java:534)
		at org.apache.catalina.core.DefaultInstanceManager.loadClassMaybePrivileged(DefaultInstanceManager.java:515)
		at org.apache.catalina.core.DefaultInstanceManager.newInstance(DefaultInstanceManager.java:149)
		at org.apache.catalina.core.StandardWrapper.loadServlet(StandardWrapper.java:1070)
		at org.apache.catalina.core.StandardWrapper.allocate(StandardWrapper.java:788)
		at org.apache.catalina.core.StandardWrapperValve.invoke(StandardWrapperValve.java:128)
		at org.apache.catalina.core.StandardContextValve.invoke(StandardContextValve.java:97)
		at org.apache.catalina.authenticator.AuthenticatorBase.invoke(AuthenticatorBase.java:541)
		at org.apache.catalina.core.StandardHostValve.invoke(StandardHostValve.java:135)
		at org.apache.catalina.valves.ErrorReportValve.invoke(ErrorReportValve.java:92)
		at org.apache.catalina.valves.AbstractAccessLogValve.invoke(AbstractAccessLogValve.java:687)
		at org.apache.catalina.core.StandardEngineValve.invoke(StandardEngineValve.java:78)
		at org.apache.catalina.connector.CoyoteAdapter.service(CoyoteAdapter.java:360)
		at org.apache.coyote.http11.Http11Processor.service(Http11Processor.java:399)
		at org.apache.coyote.AbstractProcessorLight.process(AbstractProcessorLight.java:65)
		at org.apache.coyote.AbstractProtocol$ConnectionHandler.process(AbstractProtocol.java:890)
		at org.apache.tomcat.util.net.NioEndpoint$SocketProcessor.doRun(NioEndpoint.java:1743)
		at org.apache.tomcat.util.net.SocketProcessorBase.run(SocketProcessorBase.java:49)
		at org.apache.tomcat.util.threads.ThreadPoolExecutor.runWorker(ThreadPoolExecutor.java:1191)
		at org.apache.tomcat.util.threads.ThreadPoolExecutor$Worker.run(ThreadPoolExecutor.java:659)
		at org.apache.tomcat.util.threads.TaskThread$WrappingRunnable.run(TaskThread.java:61)
		at java.base/java.lang.Thread.run(Thread.java:829)
20-May-2022 15:54:29.566 INFO [main] org.apache.catalina.core.ApplicationContext.log SessionListener: contextDestroyed()
20-May-2022 15:54:29.567 INFO [main] org.apache.catalina.core.ApplicationContext.log ContextListener: contextDestroyed()
20-May-2022 15:54:33.345 INFO [main] org.apache.catalina.core.ApplicationContext.log ContextListener: contextInitialized()
20-May-2022 15:54:33.346 INFO [main] org.apache.catalina.core.ApplicationContext.log SessionListener: contextInitialized()
20-May-2022 15:54:33.348 INFO [main] org.apache.catalina.core.ApplicationContext.log ContextListener: attributeAdded('StockTicker', 'async.Stockticker@c8b96ec')
20-May-2022 16:02:07.723 INFO [main] org.apache.catalina.core.ApplicationContext.log ContextListener: contextInitialized()
20-May-2022 16:02:07.724 INFO [main] org.apache.catalina.core.ApplicationContext.log SessionListener: contextInitialized()
20-May-2022 16:02:07.726 INFO [main] org.apache.catalina.core.ApplicationContext.log ContextListener: attributeAdded('StockTicker', 'async.Stockticker@1c807b1d')
20-May-2022 16:28:35.323 INFO [main] org.apache.catalina.core.ApplicationContext.log SessionListener: contextDestroyed()
20-May-2022 16:28:35.323 INFO [main] org.apache.catalina.core.ApplicationContext.log ContextListener: contextDestroyed()
20-May-2022 16:28:39.627 INFO [main] org.apache.catalina.core.ApplicationContext.log ContextListener: contextInitialized()
20-May-2022 16:28:39.627 INFO [main] org.apache.catalina.core.ApplicationContext.log SessionListener: contextInitialized()
20-May-2022 16:28:39.629 INFO [main] org.apache.catalina.core.ApplicationContext.log ContextListener: attributeAdded('StockTicker', 'async.Stockticker@2d8f2f3a')
20-May-2022 16:35:32.366 INFO [Thread-2] org.apache.catalina.core.ApplicationContext.log SessionListener: contextDestroyed()
20-May-2022 16:35:32.367 INFO [Thread-2] org.apache.catalina.core.ApplicationContext.log ContextListener: contextDestroyed()
20-May-2022 16:37:12.933 INFO [main] org.apache.catalina.core.ApplicationContext.log ContextListener: contextInitialized()
20-May-2022 16:37:12.933 INFO [main] org.apache.catalina.core.ApplicationContext.log SessionListener: contextInitialized()
20-May-2022 16:37:12.936 INFO [main] org.apache.catalina.core.ApplicationContext.log ContextListener: attributeAdded('StockTicker', 'async.Stockticker@3a80515c')
20-May-2022 17:12:55.036 INFO [Thread-2] org.apache.catalina.core.ApplicationContext.log SessionListener: contextDestroyed()
20-May-2022 17:12:55.037 INFO [Thread-2] org.apache.catalina.core.ApplicationContext.log ContextListener: contextDestroyed()
20-May-2022 17:15:37.563 INFO [main] org.apache.catalina.core.ApplicationContext.log ContextListener: contextInitialized()
20-May-2022 17:15:37.563 INFO [main] org.apache.catalina.core.ApplicationContext.log SessionListener: contextInitialized()
20-May-2022 17:15:37.566 INFO [main] org.apache.catalina.core.ApplicationContext.log ContextListener: attributeAdded('StockTicker', 'async.Stockticker@21680803')
20-May-2022 17:40:53.590 INFO [Thread-2] org.apache.catalina.core.ApplicationContext.log SessionListener: contextDestroyed()
20-May-2022 17:40:53.590 INFO [Thread-2] org.apache.catalina.core.ApplicationContext.log ContextListener: contextDestroyed()
20-May-2022 17:42:15.940 INFO [main] org.apache.catalina.core.ApplicationContext.log ContextListener: contextInitialized()
20-May-2022 17:42:15.941 INFO [main] org.apache.catalina.core.ApplicationContext.log SessionListener: contextInitialized()
20-May-2022 17:42:15.944 INFO [main] org.apache.catalina.core.ApplicationContext.log ContextListener: attributeAdded('StockTicker', 'async.Stockticker@3e2fc448')
20-May-2022 17:53:36.116 INFO [Thread-2] org.apache.catalina.core.ApplicationContext.log SessionListener: contextDestroyed()
20-May-2022 17:53:36.117 INFO [Thread-2] org.apache.catalina.core.ApplicationContext.log ContextListener: contextDestroyed()
20-May-2022 17:54:03.697 INFO [main] org.apache.catalina.core.ApplicationContext.log ContextListener: contextInitialized()
20-May-2022 17:54:03.697 INFO [main] org.apache.catalina.core.ApplicationContext.log SessionListener: contextInitialized()
20-May-2022 17:54:03.700 INFO [main] org.apache.catalina.core.ApplicationContext.log ContextListener: attributeAdded('StockTicker', 'async.Stockticker@1d572e62')
20-May-2022 18:34:31.215 INFO [main] org.apache.catalina.core.ApplicationContext.log ContextListener: contextInitialized()
20-May-2022 18:34:31.216 INFO [main] org.apache.catalina.core.ApplicationContext.log SessionListener: contextInitialized()
20-May-2022 18:34:31.218 INFO [main] org.apache.catalina.core.ApplicationContext.log ContextListener: attributeAdded('StockTicker', 'async.Stockticker@1c807b1d')
20-May-2022 18:42:23.531 INFO [main] org.apache.catalina.core.ApplicationContext.log ContextListener: contextInitialized()
20-May-2022 18:42:23.531 INFO [main] org.apache.catalina.core.ApplicationContext.log SessionListener: contextInitialized()
20-May-2022 18:42:23.533 INFO [main] org.apache.catalina.core.ApplicationContext.log ContextListener: attributeAdded('StockTicker', 'async.Stockticker@238b521e')
20-May-2022 19:04:00.892 INFO [main] org.apache.catalina.core.ApplicationContext.log SessionListener: contextDestroyed()
20-May-2022 19:04:00.892 INFO [main] org.apache.catalina.core.ApplicationContext.log ContextListener: contextDestroyed()
20-May-2022 19:04:05.570 INFO [main] org.apache.catalina.core.ApplicationContext.log ContextListener: contextInitialized()
20-May-2022 19:04:05.571 INFO [main] org.apache.catalina.core.ApplicationContext.log SessionListener: contextInitialized()
20-May-2022 19:04:05.574 INFO [main] org.apache.catalina.core.ApplicationContext.log ContextListener: attributeAdded('StockTicker', 'async.Stockticker@588ab592')
20-May-2022 19:17:33.381 INFO [main] org.apache.catalina.core.ApplicationContext.log SessionListener: contextDestroyed()
20-May-2022 19:17:33.381 INFO [main] org.apache.catalina.core.ApplicationContext.log ContextListener: contextDestroyed()
20-May-2022 19:17:37.725 INFO [main] org.apache.catalina.core.ApplicationContext.log ContextListener: contextInitialized()
20-May-2022 19:17:37.725 INFO [main] org.apache.catalina.core.ApplicationContext.log SessionListener: contextInitialized()
20-May-2022 19:17:37.728 INFO [main] org.apache.catalina.core.ApplicationContext.log ContextListener: attributeAdded('StockTicker', 'async.Stockticker@2d8f2f3a')
20-May-2022 19:21:04.825 INFO [main] org.apache.catalina.core.ApplicationContext.log SessionListener: contextDestroyed()
20-May-2022 19:21:04.826 INFO [main] org.apache.catalina.core.ApplicationContext.log ContextListener: contextDestroyed()
20-May-2022 19:21:09.547 INFO [main] org.apache.catalina.core.ApplicationContext.log ContextListener: contextInitialized()
20-May-2022 19:21:09.548 INFO [main] org.apache.catalina.core.ApplicationContext.log SessionListener: contextInitialized()
20-May-2022 19:21:09.550 INFO [main] org.apache.catalina.core.ApplicationContext.log ContextListener: attributeAdded('StockTicker', 'async.Stockticker@21680803')
20-May-2022 19:23:10.680 INFO [Thread-2] org.apache.catalina.core.ApplicationContext.log SessionListener: contextDestroyed()
20-May-2022 19:23:10.681 INFO [Thread-2] org.apache.catalina.core.ApplicationContext.log ContextListener: contextDestroyed()
20-May-2022 19:23:43.760 INFO [main] org.apache.catalina.core.ApplicationContext.log ContextListener: contextInitialized()
20-May-2022 19:23:43.760 INFO [main] org.apache.catalina.core.ApplicationContext.log SessionListener: contextInitialized()
20-May-2022 19:23:43.766 INFO [main] org.apache.catalina.core.ApplicationContext.log ContextListener: attributeAdded('StockTicker', 'async.Stockticker@c8b96ec')
20-May-2022 19:25:18.984 INFO [main] org.apache.catalina.core.ApplicationContext.log ContextListener: contextInitialized()
20-May-2022 19:25:18.985 INFO [main] org.apache.catalina.core.ApplicationContext.log SessionListener: contextInitialized()
20-May-2022 19:25:18.991 INFO [main] org.apache.catalina.core.ApplicationContext.log ContextListener: attributeAdded('StockTicker', 'async.Stockticker@7cd1ac19')
20-May-2022 19:41:24.140 INFO [main] org.apache.catalina.core.ApplicationContext.log SessionListener: contextDestroyed()
20-May-2022 19:41:24.140 INFO [main] org.apache.catalina.core.ApplicationContext.log ContextListener: contextDestroyed()
20-May-2022 19:41:27.703 INFO [main] org.apache.catalina.core.ApplicationContext.log ContextListener: contextInitialized()
20-May-2022 19:41:27.703 INFO [main] org.apache.catalina.core.ApplicationContext.log SessionListener: contextInitialized()
20-May-2022 19:41:27.705 INFO [main] org.apache.catalina.core.ApplicationContext.log ContextListener: attributeAdded('StockTicker', 'async.Stockticker@3a80515c')
20-May-2022 19:42:06.052 INFO [main] org.apache.catalina.core.ApplicationContext.log SessionListener: contextDestroyed()
20-May-2022 19:42:06.052 INFO [main] org.apache.catalina.core.ApplicationContext.log ContextListener: contextDestroyed()
20-May-2022 19:42:09.936 INFO [main] org.apache.catalina.core.ApplicationContext.log ContextListener: contextInitialized()
20-May-2022 19:42:09.937 INFO [main] org.apache.catalina.core.ApplicationContext.log SessionListener: contextInitialized()
20-May-2022 19:42:09.939 INFO [main] org.apache.catalina.core.ApplicationContext.log ContextListener: attributeAdded('StockTicker', 'async.Stockticker@2d8f2f3a')
20-May-2022 19:46:52.348 INFO [main] org.apache.catalina.core.ApplicationContext.log SessionListener: contextDestroyed()
20-May-2022 19:46:52.349 INFO [main] org.apache.catalina.core.ApplicationContext.log ContextListener: contextDestroyed()
20-May-2022 19:46:56.536 INFO [main] org.apache.catalina.core.ApplicationContext.log ContextListener: contextInitialized()
20-May-2022 19:46:56.536 INFO [main] org.apache.catalina.core.ApplicationContext.log SessionListener: contextInitialized()
20-May-2022 19:46:56.538 INFO [main] org.apache.catalina.core.ApplicationContext.log ContextListener: attributeAdded('StockTicker', 'async.Stockticker@2024293c')
20-May-2022 19:49:22.519 INFO [main] org.apache.catalina.core.ApplicationContext.log SessionListener: contextDestroyed()
20-May-2022 19:49:22.519 INFO [main] org.apache.catalina.core.ApplicationContext.log ContextListener: contextDestroyed()
20-May-2022 19:49:26.565 INFO [main] org.apache.catalina.core.ApplicationContext.log ContextListener: contextInitialized()
20-May-2022 19:49:26.565 INFO [main] org.apache.catalina.core.ApplicationContext.log SessionListener: contextInitialized()
20-May-2022 19:49:26.568 INFO [main] org.apache.catalina.core.ApplicationContext.log ContextListener: attributeAdded('StockTicker', 'async.Stockticker@588ab592')
20-May-2022 19:52:51.085 INFO [main] org.apache.catalina.core.ApplicationContext.log SessionListener: contextDestroyed()
20-May-2022 19:52:51.086 INFO [main] org.apache.catalina.core.ApplicationContext.log ContextListener: contextDestroyed()
20-May-2022 19:52:55.839 INFO [main] org.apache.catalina.core.ApplicationContext.log ContextListener: contextInitialized()
20-May-2022 19:52:55.839 INFO [main] org.apache.catalina.core.ApplicationContext.log SessionListener: contextInitialized()
20-May-2022 19:52:55.842 INFO [main] org.apache.catalina.core.ApplicationContext.log ContextListener: attributeAdded('StockTicker', 'async.Stockticker@1804f60d')
20-May-2022 19:53:59.226 INFO [main] org.apache.catalina.core.ApplicationContext.log SessionListener: contextDestroyed()
20-May-2022 19:53:59.226 INFO [main] org.apache.catalina.core.ApplicationContext.log ContextListener: contextDestroyed()
20-May-2022 19:54:02.706 INFO [main] org.apache.catalina.core.ApplicationContext.log ContextListener: contextInitialized()
20-May-2022 19:54:02.706 INFO [main] org.apache.catalina.core.ApplicationContext.log SessionListener: contextInitialized()
20-May-2022 19:54:02.709 INFO [main] org.apache.catalina.core.ApplicationContext.log ContextListener: attributeAdded('StockTicker', 'async.Stockticker@3a80515c')
20-May-2022 20:02:53.899 INFO [main] org.apache.catalina.core.ApplicationContext.log SessionListener: contextDestroyed()
20-May-2022 20:02:53.899 INFO [main] org.apache.catalina.core.ApplicationContext.log ContextListener: contextDestroyed()
20-May-2022 20:02:58.087 INFO [main] org.apache.catalina.core.ApplicationContext.log ContextListener: contextInitialized()
20-May-2022 20:02:58.087 INFO [main] org.apache.catalina.core.ApplicationContext.log SessionListener: contextInitialized()
20-May-2022 20:02:58.089 INFO [main] org.apache.catalina.core.ApplicationContext.log ContextListener: attributeAdded('StockTicker', 'async.Stockticker@c8b96ec')
20-May-2022 20:03:50.339 INFO [main] org.apache.catalina.core.ApplicationContext.log SessionListener: contextDestroyed()
20-May-2022 20:03:50.339 INFO [main] org.apache.catalina.core.ApplicationContext.log ContextListener: contextDestroyed()
20-May-2022 20:03:54.248 INFO [main] org.apache.catalina.core.ApplicationContext.log ContextListener: contextInitialized()
20-May-2022 20:03:54.248 INFO [main] org.apache.catalina.core.ApplicationContext.log SessionListener: contextInitialized()
20-May-2022 20:03:54.255 INFO [main] org.apache.catalina.core.ApplicationContext.log ContextListener: attributeAdded('StockTicker', 'async.Stockticker@1804f60d')
20-May-2022 20:08:41.112 INFO [main] org.apache.catalina.core.ApplicationContext.log SessionListener: contextDestroyed()
20-May-2022 20:08:41.112 INFO [main] org.apache.catalina.core.ApplicationContext.log ContextListener: contextDestroyed()
20-May-2022 20:08:49.496 INFO [main] org.apache.catalina.core.ApplicationContext.log ContextListener: contextInitialized()
20-May-2022 20:08:49.496 INFO [main] org.apache.catalina.core.ApplicationContext.log SessionListener: contextInitialized()
20-May-2022 20:08:49.498 INFO [main] org.apache.catalina.core.ApplicationContext.log ContextListener: attributeAdded('StockTicker', 'async.Stockticker@547e29a4')
20-May-2022 20:11:43.499 INFO [main] org.apache.catalina.core.ApplicationContext.log SessionListener: contextDestroyed()
20-May-2022 20:11:43.499 INFO [main] org.apache.catalina.core.ApplicationContext.log ContextListener: contextDestroyed()
20-May-2022 20:11:47.590 INFO [main] org.apache.catalina.core.ApplicationContext.log ContextListener: contextInitialized()
20-May-2022 20:11:47.590 INFO [main] org.apache.catalina.core.ApplicationContext.log SessionListener: contextInitialized()
20-May-2022 20:11:47.592 INFO [main] org.apache.catalina.core.ApplicationContext.log ContextListener: attributeAdded('StockTicker', 'async.Stockticker@1c807b1d')
20-May-2022 20:12:37.291 INFO [main] org.apache.catalina.core.ApplicationContext.log SessionListener: contextDestroyed()
20-May-2022 20:12:37.291 INFO [main] org.apache.catalina.core.ApplicationContext.log ContextListener: contextDestroyed()
20-May-2022 20:12:41.167 INFO [main] org.apache.catalina.core.ApplicationContext.log ContextListener: contextInitialized()
20-May-2022 20:12:41.167 INFO [main] org.apache.catalina.core.ApplicationContext.log SessionListener: contextInitialized()
20-May-2022 20:12:41.170 INFO [main] org.apache.catalina.core.ApplicationContext.log ContextListener: attributeAdded('StockTicker', 'async.Stockticker@c8b96ec')
20-May-2022 20:13:22.058 INFO [main] org.apache.catalina.core.ApplicationContext.log SessionListener: contextDestroyed()
20-May-2022 20:13:22.058 INFO [main] org.apache.catalina.core.ApplicationContext.log ContextListener: contextDestroyed()
20-May-2022 20:13:25.931 INFO [main] org.apache.catalina.core.ApplicationContext.log ContextListener: contextInitialized()
20-May-2022 20:13:25.931 INFO [main] org.apache.catalina.core.ApplicationContext.log SessionListener: contextInitialized()
20-May-2022 20:13:25.933 INFO [main] org.apache.catalina.core.ApplicationContext.log ContextListener: attributeAdded('StockTicker', 'async.Stockticker@c8b96ec')
20-May-2022 20:16:21.172 INFO [main] org.apache.catalina.core.ApplicationContext.log SessionListener: contextDestroyed()
20-May-2022 20:16:21.172 INFO [main] org.apache.catalina.core.ApplicationContext.log ContextListener: contextDestroyed()
20-May-2022 20:16:26.525 INFO [main] org.apache.catalina.core.ApplicationContext.log ContextListener: contextInitialized()
20-May-2022 20:16:26.526 INFO [main] org.apache.catalina.core.ApplicationContext.log SessionListener: contextInitialized()
20-May-2022 20:16:26.528 INFO [main] org.apache.catalina.core.ApplicationContext.log ContextListener: attributeAdded('StockTicker', 'async.Stockticker@1c807b1d')
20-May-2022 20:19:12.496 INFO [main] org.apache.catalina.core.ApplicationContext.log SessionListener: contextDestroyed()
20-May-2022 20:19:12.496 INFO [main] org.apache.catalina.core.ApplicationContext.log ContextListener: contextDestroyed()
20-May-2022 20:19:16.132 INFO [main] org.apache.catalina.core.ApplicationContext.log ContextListener: contextInitialized()
20-May-2022 20:19:16.132 INFO [main] org.apache.catalina.core.ApplicationContext.log SessionListener: contextInitialized()
20-May-2022 20:19:16.134 INFO [main] org.apache.catalina.core.ApplicationContext.log ContextListener: attributeAdded('StockTicker', 'async.Stockticker@588ab592')
20-May-2022 20:20:22.569 INFO [main] org.apache.catalina.core.ApplicationContext.log SessionListener: contextDestroyed()
20-May-2022 20:20:22.569 INFO [main] org.apache.catalina.core.ApplicationContext.log ContextListener: contextDestroyed()
20-May-2022 20:20:26.648 INFO [main] org.apache.catalina.core.ApplicationContext.log ContextListener: contextInitialized()
20-May-2022 20:20:26.648 INFO [main] org.apache.catalina.core.ApplicationContext.log SessionListener: contextInitialized()
20-May-2022 20:20:26.650 INFO [main] org.apache.catalina.core.ApplicationContext.log ContextListener: attributeAdded('StockTicker', 'async.Stockticker@238b521e')
20-May-2022 20:22:42.073 INFO [main] org.apache.catalina.core.ApplicationContext.log SessionListener: contextDestroyed()
20-May-2022 20:22:42.074 INFO [main] org.apache.catalina.core.ApplicationContext.log ContextListener: contextDestroyed()
20-May-2022 20:22:45.833 INFO [main] org.apache.catalina.core.ApplicationContext.log ContextListener: contextInitialized()
20-May-2022 20:22:45.833 INFO [main] org.apache.catalina.core.ApplicationContext.log SessionListener: contextInitialized()
20-May-2022 20:22:45.835 INFO [main] org.apache.catalina.core.ApplicationContext.log ContextListener: attributeAdded('StockTicker', 'async.Stockticker@2f40a43')
20-May-2022 20:24:10.146 INFO [main] org.apache.catalina.core.ApplicationContext.log SessionListener: contextDestroyed()
20-May-2022 20:24:10.146 INFO [main] org.apache.catalina.core.ApplicationContext.log ContextListener: contextDestroyed()
20-May-2022 20:24:13.999 INFO [main] org.apache.catalina.core.ApplicationContext.log ContextListener: contextInitialized()
20-May-2022 20:24:13.999 INFO [main] org.apache.catalina.core.ApplicationContext.log SessionListener: contextInitialized()
20-May-2022 20:24:14.002 INFO [main] org.apache.catalina.core.ApplicationContext.log ContextListener: attributeAdded('StockTicker', 'async.Stockticker@c8b96ec')
20-May-2022 20:26:16.739 INFO [main] org.apache.catalina.core.ApplicationContext.log SessionListener: contextDestroyed()
20-May-2022 20:26:16.739 INFO [main] org.apache.catalina.core.ApplicationContext.log ContextListener: contextDestroyed()
20-May-2022 20:26:20.946 INFO [main] org.apache.catalina.core.ApplicationContext.log ContextListener: contextInitialized()
20-May-2022 20:26:20.946 INFO [main] org.apache.catalina.core.ApplicationContext.log SessionListener: contextInitialized()
20-May-2022 20:26:20.947 INFO [main] org.apache.catalina.core.ApplicationContext.log ContextListener: attributeAdded('StockTicker', 'async.Stockticker@547e29a4')
20-May-2022 20:28:01.485 INFO [main] org.apache.catalina.core.ApplicationContext.log SessionListener: contextDestroyed()
20-May-2022 20:28:01.485 INFO [main] org.apache.catalina.core.ApplicationContext.log ContextListener: contextDestroyed()
20-May-2022 20:28:06.106 INFO [main] org.apache.catalina.core.ApplicationContext.log ContextListener: contextInitialized()
20-May-2022 20:28:06.106 INFO [main] org.apache.catalina.core.ApplicationContext.log SessionListener: contextInitialized()
20-May-2022 20:28:06.108 INFO [main] org.apache.catalina.core.ApplicationContext.log ContextListener: attributeAdded('StockTicker', 'async.Stockticker@c8b96ec')
20-May-2022 20:29:12.507 INFO [main] org.apache.catalina.core.ApplicationContext.log SessionListener: contextDestroyed()
20-May-2022 20:29:12.508 INFO [main] org.apache.catalina.core.ApplicationContext.log ContextListener: contextDestroyed()
20-May-2022 20:29:15.969 INFO [main] org.apache.catalina.core.ApplicationContext.log ContextListener: contextInitialized()
20-May-2022 20:29:15.969 INFO [main] org.apache.catalina.core.ApplicationContext.log SessionListener: contextInitialized()
20-May-2022 20:29:15.971 INFO [main] org.apache.catalina.core.ApplicationContext.log ContextListener: attributeAdded('StockTicker', 'async.Stockticker@c8b96ec')
20-May-2022 20:30:48.678 INFO [main] org.apache.catalina.core.ApplicationContext.log SessionListener: contextDestroyed()
20-May-2022 20:30:48.679 INFO [main] org.apache.catalina.core.ApplicationContext.log ContextListener: contextDestroyed()
20-May-2022 20:30:51.889 INFO [main] org.apache.catalina.core.ApplicationContext.log ContextListener: contextInitialized()
20-May-2022 20:30:51.889 INFO [main] org.apache.catalina.core.ApplicationContext.log SessionListener: contextInitialized()
20-May-2022 20:30:51.891 INFO [main] org.apache.catalina.core.ApplicationContext.log ContextListener: attributeAdded('StockTicker', 'async.Stockticker@7048f722')
20-May-2022 20:32:50.461 INFO [main] org.apache.catalina.core.ApplicationContext.log SessionListener: contextDestroyed()
20-May-2022 20:32:50.461 INFO [main] org.apache.catalina.core.ApplicationContext.log ContextListener: contextDestroyed()
20-May-2022 20:32:54.285 INFO [main] org.apache.catalina.core.ApplicationContext.log ContextListener: contextInitialized()
20-May-2022 20:32:54.285 INFO [main] org.apache.catalina.core.ApplicationContext.log SessionListener: contextInitialized()
20-May-2022 20:32:54.289 INFO [main] org.apache.catalina.core.ApplicationContext.log ContextListener: attributeAdded('StockTicker', 'async.Stockticker@c8b96ec')
20-May-2022 20:33:44.336 INFO [main] org.apache.catalina.core.ApplicationContext.log SessionListener: contextDestroyed()
20-May-2022 20:33:44.337 INFO [main] org.apache.catalina.core.ApplicationContext.log ContextListener: contextDestroyed()
20-May-2022 20:33:48.129 INFO [main] org.apache.catalina.core.ApplicationContext.log ContextListener: contextInitialized()
20-May-2022 20:33:48.129 INFO [main] org.apache.catalina.core.ApplicationContext.log SessionListener: contextInitialized()
20-May-2022 20:33:48.131 INFO [main] org.apache.catalina.core.ApplicationContext.log ContextListener: attributeAdded('StockTicker', 'async.Stockticker@1b39fd82')
20-May-2022 20:39:09.047 INFO [main] org.apache.catalina.core.ApplicationContext.log SessionListener: contextDestroyed()
20-May-2022 20:39:09.048 INFO [main] org.apache.catalina.core.ApplicationContext.log ContextListener: contextDestroyed()
20-May-2022 20:39:14.144 INFO [main] org.apache.catalina.core.ApplicationContext.log ContextListener: contextInitialized()
20-May-2022 20:39:14.145 INFO [main] org.apache.catalina.core.ApplicationContext.log SessionListener: contextInitialized()
20-May-2022 20:39:14.147 INFO [main] org.apache.catalina.core.ApplicationContext.log ContextListener: attributeAdded('StockTicker', 'async.Stockticker@1c807b1d')
20-May-2022 20:40:29.666 INFO [main] org.apache.catalina.core.ApplicationContext.log SessionListener: contextDestroyed()
20-May-2022 20:40:29.666 INFO [main] org.apache.catalina.core.ApplicationContext.log ContextListener: contextDestroyed()
20-May-2022 20:40:33.266 INFO [main] org.apache.catalina.core.ApplicationContext.log ContextListener: contextInitialized()
20-May-2022 20:40:33.266 INFO [main] org.apache.catalina.core.ApplicationContext.log SessionListener: contextInitialized()
20-May-2022 20:40:33.269 INFO [main] org.apache.catalina.core.ApplicationContext.log ContextListener: attributeAdded('StockTicker', 'async.Stockticker@1b39fd82')
20-May-2022 20:43:13.027 INFO [main] org.apache.catalina.core.ApplicationContext.log SessionListener: contextDestroyed()
20-May-2022 20:43:13.028 INFO [main] org.apache.catalina.core.ApplicationContext.log ContextListener: contextDestroyed()
20-May-2022 20:43:18.614 INFO [main] org.apache.catalina.core.ApplicationContext.log ContextListener: contextInitialized()
20-May-2022 20:43:18.614 INFO [main] org.apache.catalina.core.ApplicationContext.log SessionListener: contextInitialized()
20-May-2022 20:43:18.616 INFO [main] org.apache.catalina.core.ApplicationContext.log ContextListener: attributeAdded('StockTicker', 'async.Stockticker@1b39fd82')
20-May-2022 21:13:20.575 INFO [main] org.apache.catalina.core.ApplicationContext.log SessionListener: contextDestroyed()
20-May-2022 21:13:20.575 INFO [main] org.apache.catalina.core.ApplicationContext.log ContextListener: contextDestroyed()
20-May-2022 21:13:24.436 INFO [main] org.apache.catalina.core.ApplicationContext.log ContextListener: contextInitialized()
20-May-2022 21:13:24.436 INFO [main] org.apache.catalina.core.ApplicationContext.log SessionListener: contextInitialized()
20-May-2022 21:13:24.439 INFO [main] org.apache.catalina.core.ApplicationContext.log ContextListener: attributeAdded('StockTicker', 'async.Stockticker@1b39fd82')
20-May-2022 21:28:27.969 INFO [main] org.apache.catalina.core.ApplicationContext.log SessionListener: contextDestroyed()
20-May-2022 21:28:27.969 INFO [main] org.apache.catalina.core.ApplicationContext.log ContextListener: contextDestroyed()
20-May-2022 21:28:36.004 INFO [main] org.apache.catalina.core.ApplicationContext.log ContextListener: contextInitialized()
20-May-2022 21:28:36.004 INFO [main] org.apache.catalina.core.ApplicationContext.log SessionListener: contextInitialized()
20-May-2022 21:28:36.006 INFO [main] org.apache.catalina.core.ApplicationContext.log ContextListener: attributeAdded('StockTicker', 'async.Stockticker@238b521e')
20-May-2022 21:29:59.001 INFO [main] org.apache.catalina.core.ApplicationContext.log SessionListener: contextDestroyed()
20-May-2022 21:29:59.001 INFO [main] org.apache.catalina.core.ApplicationContext.log ContextListener: contextDestroyed()
20-May-2022 21:30:03.752 INFO [main] org.apache.catalina.core.ApplicationContext.log ContextListener: contextInitialized()
20-May-2022 21:30:03.752 INFO [main] org.apache.catalina.core.ApplicationContext.log SessionListener: contextInitialized()
20-May-2022 21:30:03.754 INFO [main] org.apache.catalina.core.ApplicationContext.log ContextListener: attributeAdded('StockTicker', 'async.Stockticker@1804f60d')
20-May-2022 21:44:09.784 INFO [main] org.apache.catalina.core.ApplicationContext.log SessionListener: contextDestroyed()
20-May-2022 21:44:09.784 INFO [main] org.apache.catalina.core.ApplicationContext.log ContextListener: contextDestroyed()
20-May-2022 21:44:13.852 INFO [main] org.apache.catalina.core.ApplicationContext.log ContextListener: contextInitialized()
20-May-2022 21:44:13.852 INFO [main] org.apache.catalina.core.ApplicationContext.log SessionListener: contextInitialized()
20-May-2022 21:44:13.853 INFO [main] org.apache.catalina.core.ApplicationContext.log ContextListener: attributeAdded('StockTicker', 'async.Stockticker@21680803')
20-May-2022 22:27:49.842 INFO [main] org.apache.catalina.core.ApplicationContext.log SessionListener: contextDestroyed()
20-May-2022 22:27:49.843 INFO [main] org.apache.catalina.core.ApplicationContext.log ContextListener: contextDestroyed()
20-May-2022 22:27:54.788 INFO [main] org.apache.catalina.core.ApplicationContext.log ContextListener: contextInitialized()
20-May-2022 22:27:54.789 INFO [main] org.apache.catalina.core.ApplicationContext.log SessionListener: contextInitialized()
20-May-2022 22:27:54.794 INFO [main] org.apache.catalina.core.ApplicationContext.log ContextListener: attributeAdded('StockTicker', 'async.Stockticker@7cd1ac19')
20-May-2022 22:38:51.257 INFO [main] org.apache.catalina.core.ApplicationContext.log SessionListener: contextDestroyed()
20-May-2022 22:38:51.257 INFO [main] org.apache.catalina.core.ApplicationContext.log ContextListener: contextDestroyed()
20-May-2022 22:38:55.364 INFO [main] org.apache.catalina.core.ApplicationContext.log ContextListener: contextInitialized()
20-May-2022 22:38:55.364 INFO [main] org.apache.catalina.core.ApplicationContext.log SessionListener: contextInitialized()
20-May-2022 22:38:55.371 INFO [main] org.apache.catalina.core.ApplicationContext.log ContextListener: attributeAdded('StockTicker', 'async.Stockticker@2b46a8c1')
20-May-2022 22:41:04.312 INFO [main] org.apache.catalina.core.ApplicationContext.log SessionListener: contextDestroyed()
20-May-2022 22:41:04.312 INFO [main] org.apache.catalina.core.ApplicationContext.log ContextListener: contextDestroyed()
20-May-2022 22:41:08.225 INFO [main] org.apache.catalina.core.ApplicationContext.log ContextListener: contextInitialized()
20-May-2022 22:41:08.226 INFO [main] org.apache.catalina.core.ApplicationContext.log SessionListener: contextInitialized()
20-May-2022 22:41:08.234 INFO [main] org.apache.catalina.core.ApplicationContext.log ContextListener: attributeAdded('StockTicker', 'async.Stockticker@547e29a4')
