19-May-2022 16:39:03.156 INFO [main] org.apache.catalina.core.ApplicationContext.log ContextListener: contextInitialized()
19-May-2022 16:39:03.157 INFO [main] org.apache.catalina.core.ApplicationContext.log SessionListener: contextInitialized()
19-May-2022 16:39:03.159 INFO [main] org.apache.catalina.core.ApplicationContext.log ContextListener: attributeAdded('StockTicker', 'async.Stockticker@cc62a3b')
19-May-2022 16:42:46.733 INFO [main] org.apache.catalina.core.ApplicationContext.log ContextListener: contextInitialized()
19-May-2022 16:42:46.733 INFO [main] org.apache.catalina.core.ApplicationContext.log SessionListener: contextInitialized()
19-May-2022 16:42:46.736 INFO [main] org.apache.catalina.core.ApplicationContext.log ContextListener: attributeAdded('StockTicker', 'async.Stockticker@36ac8a63')
19-May-2022 16:44:01.418 INFO [main] org.apache.catalina.core.ApplicationContext.log ContextListener: contextInitialized()
19-May-2022 16:44:01.418 INFO [main] org.apache.catalina.core.ApplicationContext.log SessionListener: contextInitialized()
19-May-2022 16:44:01.421 INFO [main] org.apache.catalina.core.ApplicationContext.log ContextListener: attributeAdded('StockTicker', 'async.Stockticker@6cc0bcf6')
19-May-2022 16:45:06.074 INFO [main] org.apache.catalina.core.ApplicationContext.log ContextListener: contextInitialized()
19-May-2022 16:45:06.075 INFO [main] org.apache.catalina.core.ApplicationContext.log SessionListener: contextInitialized()
19-May-2022 16:45:06.078 INFO [main] org.apache.catalina.core.ApplicationContext.log ContextListener: attributeAdded('StockTicker', 'async.Stockticker@29539e36')
19-May-2022 16:45:06.212 INFO [main] org.apache.catalina.core.ApplicationContext.log SessionListener: contextDestroyed()
19-May-2022 16:45:06.212 INFO [main] org.apache.catalina.core.ApplicationContext.log ContextListener: contextDestroyed()
19-May-2022 16:48:51.004 INFO [main] org.apache.catalina.core.ApplicationContext.log ContextListener: contextInitialized()
19-May-2022 16:48:51.004 INFO [main] org.apache.catalina.core.ApplicationContext.log SessionListener: contextInitialized()
19-May-2022 16:48:51.007 INFO [main] org.apache.catalina.core.ApplicationContext.log ContextListener: attributeAdded('StockTicker', 'async.Stockticker@29539e36')
19-May-2022 16:52:37.255 INFO [main] org.apache.catalina.core.ApplicationContext.log ContextListener: contextInitialized()
19-May-2022 16:52:37.255 INFO [main] org.apache.catalina.core.ApplicationContext.log SessionListener: contextInitialized()
19-May-2022 16:52:37.257 INFO [main] org.apache.catalina.core.ApplicationContext.log ContextListener: attributeAdded('StockTicker', 'async.Stockticker@238b521e')
19-May-2022 16:52:38.036 INFO [main] org.apache.catalina.core.ApplicationContext.log SessionListener: contextDestroyed()
19-May-2022 16:52:38.036 INFO [main] org.apache.catalina.core.ApplicationContext.log ContextListener: contextDestroyed()
19-May-2022 16:52:48.331 INFO [main] org.apache.catalina.core.ApplicationContext.log ContextListener: contextInitialized()
19-May-2022 16:52:48.331 INFO [main] org.apache.catalina.core.ApplicationContext.log SessionListener: contextInitialized()
19-May-2022 16:52:48.333 INFO [main] org.apache.catalina.core.ApplicationContext.log ContextListener: attributeAdded('StockTicker', 'async.Stockticker@2f40a43')
19-May-2022 16:52:49.128 INFO [main] org.apache.catalina.core.ApplicationContext.log SessionListener: contextDestroyed()
19-May-2022 16:52:49.128 INFO [main] org.apache.catalina.core.ApplicationContext.log ContextListener: contextDestroyed()
19-May-2022 16:54:44.249 INFO [main] org.apache.catalina.core.ApplicationContext.log ContextListener: contextInitialized()
19-May-2022 16:54:44.250 INFO [main] org.apache.catalina.core.ApplicationContext.log SessionListener: contextInitialized()
19-May-2022 16:54:44.251 INFO [main] org.apache.catalina.core.ApplicationContext.log ContextListener: attributeAdded('StockTicker', 'async.Stockticker@3e2fc448')
19-May-2022 16:54:45.026 INFO [main] org.apache.catalina.core.ApplicationContext.log SessionListener: contextDestroyed()
19-May-2022 16:54:45.026 INFO [main] org.apache.catalina.core.ApplicationContext.log ContextListener: contextDestroyed()
19-May-2022 16:54:58.909 INFO [main] org.apache.catalina.core.ApplicationContext.log ContextListener: contextInitialized()
19-May-2022 16:54:58.909 INFO [main] org.apache.catalina.core.ApplicationContext.log SessionListener: contextInitialized()
19-May-2022 16:54:58.912 INFO [main] org.apache.catalina.core.ApplicationContext.log ContextListener: attributeAdded('StockTicker', 'async.Stockticker@21680803')
19-May-2022 16:54:59.697 INFO [main] org.apache.catalina.core.ApplicationContext.log SessionListener: contextDestroyed()
19-May-2022 16:54:59.697 INFO [main] org.apache.catalina.core.ApplicationContext.log ContextListener: contextDestroyed()
19-May-2022 16:55:05.989 INFO [main] org.apache.catalina.core.ApplicationContext.log ContextListener: contextInitialized()
19-May-2022 16:55:05.989 INFO [main] org.apache.catalina.core.ApplicationContext.log SessionListener: contextInitialized()
19-May-2022 16:55:05.992 INFO [main] org.apache.catalina.core.ApplicationContext.log ContextListener: attributeAdded('StockTicker', 'async.Stockticker@588ab592')
19-May-2022 16:55:06.780 INFO [main] org.apache.catalina.core.ApplicationContext.log SessionListener: contextDestroyed()
19-May-2022 16:55:06.780 INFO [main] org.apache.catalina.core.ApplicationContext.log ContextListener: contextDestroyed()
19-May-2022 16:57:22.702 INFO [main] org.apache.catalina.core.ApplicationContext.log ContextListener: contextInitialized()
19-May-2022 16:57:22.702 INFO [main] org.apache.catalina.core.ApplicationContext.log SessionListener: contextInitialized()
19-May-2022 16:57:22.704 INFO [main] org.apache.catalina.core.ApplicationContext.log ContextListener: attributeAdded('StockTicker', 'async.Stockticker@2f40a43')
19-May-2022 16:57:23.455 INFO [main] org.apache.catalina.core.ApplicationContext.log SessionListener: contextDestroyed()
19-May-2022 16:57:23.455 INFO [main] org.apache.catalina.core.ApplicationContext.log ContextListener: contextDestroyed()
19-May-2022 17:00:17.206 INFO [main] org.apache.catalina.core.ApplicationContext.log ContextListener: contextInitialized()
19-May-2022 17:00:17.206 INFO [main] org.apache.catalina.core.ApplicationContext.log SessionListener: contextInitialized()
19-May-2022 17:00:17.208 INFO [main] org.apache.catalina.core.ApplicationContext.log ContextListener: attributeAdded('StockTicker', 'async.Stockticker@c8b96ec')
19-May-2022 17:00:18.008 INFO [main] org.apache.catalina.core.ApplicationContext.log SessionListener: contextDestroyed()
19-May-2022 17:00:18.008 INFO [main] org.apache.catalina.core.ApplicationContext.log ContextListener: contextDestroyed()
19-May-2022 17:10:15.552 INFO [main] org.apache.catalina.core.ApplicationContext.log ContextListener: contextInitialized()
19-May-2022 17:10:15.552 INFO [main] org.apache.catalina.core.ApplicationContext.log SessionListener: contextInitialized()
19-May-2022 17:10:15.554 INFO [main] org.apache.catalina.core.ApplicationContext.log ContextListener: attributeAdded('StockTicker', 'async.Stockticker@7048f722')
19-May-2022 17:35:24.341 INFO [Thread-2] org.apache.catalina.core.ApplicationContext.log SessionListener: contextDestroyed()
19-May-2022 17:35:24.341 INFO [Thread-2] org.apache.catalina.core.ApplicationContext.log ContextListener: contextDestroyed()
19-May-2022 17:35:33.452 INFO [main] org.apache.catalina.core.ApplicationContext.log ContextListener: contextInitialized()
19-May-2022 17:35:33.452 INFO [main] org.apache.catalina.core.ApplicationContext.log SessionListener: contextInitialized()
19-May-2022 17:35:33.454 INFO [main] org.apache.catalina.core.ApplicationContext.log ContextListener: attributeAdded('StockTicker', 'async.Stockticker@1b39fd82')
19-May-2022 17:36:45.035 INFO [Thread-2] org.apache.catalina.core.ApplicationContext.log SessionListener: contextDestroyed()
19-May-2022 17:36:45.035 INFO [Thread-2] org.apache.catalina.core.ApplicationContext.log ContextListener: contextDestroyed()
19-May-2022 17:37:53.077 INFO [main] org.apache.catalina.core.ApplicationContext.log ContextListener: contextInitialized()
19-May-2022 17:37:53.077 INFO [main] org.apache.catalina.core.ApplicationContext.log SessionListener: contextInitialized()
19-May-2022 17:37:53.080 INFO [main] org.apache.catalina.core.ApplicationContext.log ContextListener: attributeAdded('StockTicker', 'async.Stockticker@7048f722')
19-May-2022 17:56:47.574 INFO [Thread-2] org.apache.catalina.core.ApplicationContext.log SessionListener: contextDestroyed()
19-May-2022 17:56:47.574 INFO [Thread-2] org.apache.catalina.core.ApplicationContext.log ContextListener: contextDestroyed()
19-May-2022 17:58:17.631 INFO [main] org.apache.catalina.core.ApplicationContext.log ContextListener: contextInitialized()
19-May-2022 17:58:17.631 INFO [main] org.apache.catalina.core.ApplicationContext.log SessionListener: contextInitialized()
19-May-2022 17:58:17.634 INFO [main] org.apache.catalina.core.ApplicationContext.log ContextListener: attributeAdded('StockTicker', 'async.Stockticker@588ab592')
19-May-2022 18:16:49.295 INFO [Thread-2] org.apache.catalina.core.ApplicationContext.log SessionListener: contextDestroyed()
19-May-2022 18:16:49.295 INFO [Thread-2] org.apache.catalina.core.ApplicationContext.log ContextListener: contextDestroyed()
