21-May-2022 09:53:24.449 INFO [main] org.apache.catalina.core.ApplicationContext.log SessionListener: contextDestroyed()
21-May-2022 09:53:24.449 INFO [main] org.apache.catalina.core.ApplicationContext.log ContextListener: contextDestroyed()
21-May-2022 09:53:29.097 INFO [main] org.apache.catalina.core.ApplicationContext.log ContextListener: contextInitialized()
21-May-2022 09:53:29.097 INFO [main] org.apache.catalina.core.ApplicationContext.log SessionListener: contextInitialized()
21-May-2022 09:53:29.100 INFO [main] org.apache.catalina.core.ApplicationContext.log ContextListener: attributeAdded('StockTicker', 'async.Stockticker@29caf222')
21-May-2022 09:55:12.726 INFO [main] org.apache.catalina.core.ApplicationContext.log SessionListener: contextDestroyed()
21-May-2022 09:55:12.727 INFO [main] org.apache.catalina.core.ApplicationContext.log ContextListener: contextDestroyed()
21-May-2022 09:55:16.062 INFO [main] org.apache.catalina.core.ApplicationContext.log ContextListener: contextInitialized()
21-May-2022 09:55:16.062 INFO [main] org.apache.catalina.core.ApplicationContext.log SessionListener: contextInitialized()
21-May-2022 09:55:16.066 INFO [main] org.apache.catalina.core.ApplicationContext.log ContextListener: attributeAdded('StockTicker', 'async.Stockticker@4cc61eb1')
21-May-2022 09:57:46.274 INFO [main] org.apache.catalina.core.ApplicationContext.log SessionListener: contextDestroyed()
21-May-2022 09:57:46.274 INFO [main] org.apache.catalina.core.ApplicationContext.log ContextListener: contextDestroyed()
21-May-2022 09:57:49.983 INFO [main] org.apache.catalina.core.ApplicationContext.log ContextListener: contextInitialized()
21-May-2022 09:57:49.983 INFO [main] org.apache.catalina.core.ApplicationContext.log SessionListener: contextInitialized()
21-May-2022 09:57:49.986 INFO [main] org.apache.catalina.core.ApplicationContext.log ContextListener: attributeAdded('StockTicker', 'async.Stockticker@588ab592')
21-May-2022 10:05:51.736 INFO [main] org.apache.catalina.core.ApplicationContext.log SessionListener: contextDestroyed()
21-May-2022 10:05:51.736 INFO [main] org.apache.catalina.core.ApplicationContext.log ContextListener: contextDestroyed()
21-May-2022 10:05:55.853 INFO [main] org.apache.catalina.core.ApplicationContext.log ContextListener: contextInitialized()
21-May-2022 10:05:55.853 INFO [main] org.apache.catalina.core.ApplicationContext.log SessionListener: contextInitialized()
21-May-2022 10:05:55.856 INFO [main] org.apache.catalina.core.ApplicationContext.log ContextListener: attributeAdded('StockTicker', 'async.Stockticker@21680803')
21-May-2022 10:09:12.024 INFO [main] org.apache.catalina.core.ApplicationContext.log SessionListener: contextDestroyed()
21-May-2022 10:09:12.024 INFO [main] org.apache.catalina.core.ApplicationContext.log ContextListener: contextDestroyed()
21-May-2022 10:09:16.114 INFO [main] org.apache.catalina.core.ApplicationContext.log ContextListener: contextInitialized()
21-May-2022 10:09:16.114 INFO [main] org.apache.catalina.core.ApplicationContext.log SessionListener: contextInitialized()
21-May-2022 10:09:16.116 INFO [main] org.apache.catalina.core.ApplicationContext.log ContextListener: attributeAdded('StockTicker', 'async.Stockticker@c8b96ec')
21-May-2022 10:12:31.879 INFO [main] org.apache.catalina.core.ApplicationContext.log SessionListener: contextDestroyed()
21-May-2022 10:12:31.879 INFO [main] org.apache.catalina.core.ApplicationContext.log ContextListener: contextDestroyed()
21-May-2022 10:12:35.248 INFO [main] org.apache.catalina.core.ApplicationContext.log ContextListener: contextInitialized()
21-May-2022 10:12:35.248 INFO [main] org.apache.catalina.core.ApplicationContext.log SessionListener: contextInitialized()
21-May-2022 10:12:35.251 INFO [main] org.apache.catalina.core.ApplicationContext.log ContextListener: attributeAdded('StockTicker', 'async.Stockticker@69c43e48')
21-May-2022 10:13:51.824 INFO [main] org.apache.catalina.core.ApplicationContext.log SessionListener: contextDestroyed()
21-May-2022 10:13:51.825 INFO [main] org.apache.catalina.core.ApplicationContext.log ContextListener: contextDestroyed()
21-May-2022 10:13:55.259 INFO [main] org.apache.catalina.core.ApplicationContext.log ContextListener: contextInitialized()
21-May-2022 10:13:55.259 INFO [main] org.apache.catalina.core.ApplicationContext.log SessionListener: contextInitialized()
21-May-2022 10:13:55.262 INFO [main] org.apache.catalina.core.ApplicationContext.log ContextListener: attributeAdded('StockTicker', 'async.Stockticker@3a80515c')
21-May-2022 10:17:36.805 INFO [main] org.apache.catalina.core.ApplicationContext.log SessionListener: contextDestroyed()
21-May-2022 10:17:36.805 INFO [main] org.apache.catalina.core.ApplicationContext.log ContextListener: contextDestroyed()
21-May-2022 10:17:40.221 INFO [main] org.apache.catalina.core.ApplicationContext.log ContextListener: contextInitialized()
21-May-2022 10:17:40.221 INFO [main] org.apache.catalina.core.ApplicationContext.log SessionListener: contextInitialized()
21-May-2022 10:17:40.224 INFO [main] org.apache.catalina.core.ApplicationContext.log ContextListener: attributeAdded('StockTicker', 'async.Stockticker@2b46a8c1')
21-May-2022 11:07:48.069 INFO [main] org.apache.catalina.core.ApplicationContext.log SessionListener: contextDestroyed()
21-May-2022 11:07:48.069 INFO [main] org.apache.catalina.core.ApplicationContext.log ContextListener: contextDestroyed()
21-May-2022 11:07:52.129 INFO [main] org.apache.catalina.core.ApplicationContext.log ContextListener: contextInitialized()
21-May-2022 11:07:52.129 INFO [main] org.apache.catalina.core.ApplicationContext.log SessionListener: contextInitialized()
21-May-2022 11:07:52.132 INFO [main] org.apache.catalina.core.ApplicationContext.log ContextListener: attributeAdded('StockTicker', 'async.Stockticker@547e29a4')
21-May-2022 11:10:26.954 INFO [main] org.apache.catalina.core.ApplicationContext.log ContextListener: contextInitialized()
21-May-2022 11:10:26.954 INFO [main] org.apache.catalina.core.ApplicationContext.log SessionListener: contextInitialized()
21-May-2022 11:10:26.957 INFO [main] org.apache.catalina.core.ApplicationContext.log ContextListener: attributeAdded('StockTicker', 'async.Stockticker@66d23e4a')
21-May-2022 11:10:27.154 INFO [main] org.apache.catalina.core.ApplicationContext.log SessionListener: contextDestroyed()
21-May-2022 11:10:27.154 INFO [main] org.apache.catalina.core.ApplicationContext.log ContextListener: contextDestroyed()
21-May-2022 11:19:14.833 INFO [main] org.apache.catalina.core.ApplicationContext.log SessionListener: contextDestroyed()
21-May-2022 11:19:14.833 INFO [main] org.apache.catalina.core.ApplicationContext.log ContextListener: contextDestroyed()
21-May-2022 11:19:18.507 INFO [main] org.apache.catalina.core.ApplicationContext.log ContextListener: contextInitialized()
21-May-2022 11:19:18.507 INFO [main] org.apache.catalina.core.ApplicationContext.log SessionListener: contextInitialized()
21-May-2022 11:19:18.511 INFO [main] org.apache.catalina.core.ApplicationContext.log ContextListener: attributeAdded('StockTicker', 'async.Stockticker@3a80515c')
21-May-2022 11:21:24.209 INFO [main] org.apache.catalina.core.ApplicationContext.log SessionListener: contextDestroyed()
21-May-2022 11:21:24.209 INFO [main] org.apache.catalina.core.ApplicationContext.log ContextListener: contextDestroyed()
21-May-2022 11:21:27.880 INFO [main] org.apache.catalina.core.ApplicationContext.log ContextListener: contextInitialized()
21-May-2022 11:21:27.880 INFO [main] org.apache.catalina.core.ApplicationContext.log SessionListener: contextInitialized()
21-May-2022 11:21:27.885 INFO [main] org.apache.catalina.core.ApplicationContext.log ContextListener: attributeAdded('StockTicker', 'async.Stockticker@46cf05f7')
21-May-2022 11:22:55.225 INFO [main] org.apache.catalina.core.ApplicationContext.log SessionListener: contextDestroyed()
21-May-2022 11:22:55.225 INFO [main] org.apache.catalina.core.ApplicationContext.log ContextListener: contextDestroyed()
21-May-2022 11:22:59.486 INFO [main] org.apache.catalina.core.ApplicationContext.log ContextListener: contextInitialized()
21-May-2022 11:22:59.486 INFO [main] org.apache.catalina.core.ApplicationContext.log SessionListener: contextInitialized()
21-May-2022 11:22:59.489 INFO [main] org.apache.catalina.core.ApplicationContext.log ContextListener: attributeAdded('StockTicker', 'async.Stockticker@3a80515c')
21-May-2022 11:24:24.472 INFO [main] org.apache.catalina.core.ApplicationContext.log SessionListener: contextDestroyed()
21-May-2022 11:24:24.473 INFO [main] org.apache.catalina.core.ApplicationContext.log ContextListener: contextDestroyed()
21-May-2022 11:24:28.427 INFO [main] org.apache.catalina.core.ApplicationContext.log ContextListener: contextInitialized()
21-May-2022 11:24:28.427 INFO [main] org.apache.catalina.core.ApplicationContext.log SessionListener: contextInitialized()
21-May-2022 11:24:28.430 INFO [main] org.apache.catalina.core.ApplicationContext.log ContextListener: attributeAdded('StockTicker', 'async.Stockticker@c8b96ec')
21-May-2022 11:26:02.035 INFO [main] org.apache.catalina.core.ApplicationContext.log SessionListener: contextDestroyed()
21-May-2022 11:26:02.035 INFO [main] org.apache.catalina.core.ApplicationContext.log ContextListener: contextDestroyed()
21-May-2022 11:26:05.778 INFO [main] org.apache.catalina.core.ApplicationContext.log ContextListener: contextInitialized()
21-May-2022 11:26:05.778 INFO [main] org.apache.catalina.core.ApplicationContext.log SessionListener: contextInitialized()
21-May-2022 11:26:05.780 INFO [main] org.apache.catalina.core.ApplicationContext.log ContextListener: attributeAdded('StockTicker', 'async.Stockticker@4cc61eb1')
21-May-2022 11:27:04.169 INFO [main] org.apache.catalina.core.ApplicationContext.log SessionListener: contextDestroyed()
21-May-2022 11:27:04.169 INFO [main] org.apache.catalina.core.ApplicationContext.log ContextListener: contextDestroyed()
21-May-2022 11:27:07.434 INFO [main] org.apache.catalina.core.ApplicationContext.log ContextListener: contextInitialized()
21-May-2022 11:27:07.434 INFO [main] org.apache.catalina.core.ApplicationContext.log SessionListener: contextInitialized()
21-May-2022 11:27:07.438 INFO [main] org.apache.catalina.core.ApplicationContext.log ContextListener: attributeAdded('StockTicker', 'async.Stockticker@1d572e62')
21-May-2022 11:29:08.810 INFO [main] org.apache.catalina.core.ApplicationContext.log SessionListener: contextDestroyed()
21-May-2022 11:29:08.810 INFO [main] org.apache.catalina.core.ApplicationContext.log ContextListener: contextDestroyed()
21-May-2022 11:29:12.349 INFO [main] org.apache.catalina.core.ApplicationContext.log ContextListener: contextInitialized()
21-May-2022 11:29:12.349 INFO [main] org.apache.catalina.core.ApplicationContext.log SessionListener: contextInitialized()
21-May-2022 11:29:12.352 INFO [main] org.apache.catalina.core.ApplicationContext.log ContextListener: attributeAdded('StockTicker', 'async.Stockticker@547e29a4')
21-May-2022 11:30:20.637 INFO [main] org.apache.catalina.core.ApplicationContext.log SessionListener: contextDestroyed()
21-May-2022 11:30:20.637 INFO [main] org.apache.catalina.core.ApplicationContext.log ContextListener: contextDestroyed()
21-May-2022 11:30:24.037 INFO [main] org.apache.catalina.core.ApplicationContext.log ContextListener: contextInitialized()
21-May-2022 11:30:24.037 INFO [main] org.apache.catalina.core.ApplicationContext.log SessionListener: contextInitialized()
21-May-2022 11:30:24.040 INFO [main] org.apache.catalina.core.ApplicationContext.log ContextListener: attributeAdded('StockTicker', 'async.Stockticker@588ab592')
21-May-2022 11:31:06.123 INFO [main] org.apache.catalina.core.ApplicationContext.log SessionListener: contextDestroyed()
21-May-2022 11:31:06.123 INFO [main] org.apache.catalina.core.ApplicationContext.log ContextListener: contextDestroyed()
21-May-2022 11:31:09.187 INFO [main] org.apache.catalina.core.ApplicationContext.log ContextListener: contextInitialized()
21-May-2022 11:31:09.187 INFO [main] org.apache.catalina.core.ApplicationContext.log SessionListener: contextInitialized()
21-May-2022 11:31:09.191 INFO [main] org.apache.catalina.core.ApplicationContext.log ContextListener: attributeAdded('StockTicker', 'async.Stockticker@238b521e')
21-May-2022 11:32:16.491 INFO [main] org.apache.catalina.core.ApplicationContext.log SessionListener: contextDestroyed()
21-May-2022 11:32:16.491 INFO [main] org.apache.catalina.core.ApplicationContext.log ContextListener: contextDestroyed()
21-May-2022 11:32:20.106 INFO [main] org.apache.catalina.core.ApplicationContext.log ContextListener: contextInitialized()
21-May-2022 11:32:20.106 INFO [main] org.apache.catalina.core.ApplicationContext.log SessionListener: contextInitialized()
21-May-2022 11:32:20.108 INFO [main] org.apache.catalina.core.ApplicationContext.log ContextListener: attributeAdded('StockTicker', 'async.Stockticker@588ab592')
21-May-2022 11:33:16.561 INFO [main] org.apache.catalina.core.ApplicationContext.log SessionListener: contextDestroyed()
21-May-2022 11:33:16.561 INFO [main] org.apache.catalina.core.ApplicationContext.log ContextListener: contextDestroyed()
21-May-2022 11:33:19.903 INFO [main] org.apache.catalina.core.ApplicationContext.log ContextListener: contextInitialized()
21-May-2022 11:33:19.903 INFO [main] org.apache.catalina.core.ApplicationContext.log SessionListener: contextInitialized()
21-May-2022 11:33:19.906 INFO [main] org.apache.catalina.core.ApplicationContext.log ContextListener: attributeAdded('StockTicker', 'async.Stockticker@3a80515c')
21-May-2022 11:37:17.633 INFO [main] org.apache.catalina.core.ApplicationContext.log SessionListener: contextDestroyed()
21-May-2022 11:37:17.633 INFO [main] org.apache.catalina.core.ApplicationContext.log ContextListener: contextDestroyed()
21-May-2022 11:37:21.072 INFO [main] org.apache.catalina.core.ApplicationContext.log ContextListener: contextInitialized()
21-May-2022 11:37:21.073 INFO [main] org.apache.catalina.core.ApplicationContext.log SessionListener: contextInitialized()
21-May-2022 11:37:21.076 INFO [main] org.apache.catalina.core.ApplicationContext.log ContextListener: attributeAdded('StockTicker', 'async.Stockticker@547e29a4')
21-May-2022 11:39:58.833 INFO [main] org.apache.catalina.core.ApplicationContext.log SessionListener: contextDestroyed()
21-May-2022 11:39:58.833 INFO [main] org.apache.catalina.core.ApplicationContext.log ContextListener: contextDestroyed()
21-May-2022 11:40:02.089 INFO [main] org.apache.catalina.core.ApplicationContext.log ContextListener: contextInitialized()
21-May-2022 11:40:02.089 INFO [main] org.apache.catalina.core.ApplicationContext.log SessionListener: contextInitialized()
21-May-2022 11:40:02.093 INFO [main] org.apache.catalina.core.ApplicationContext.log ContextListener: attributeAdded('StockTicker', 'async.Stockticker@588ab592')
21-May-2022 11:41:28.897 INFO [main] org.apache.catalina.core.ApplicationContext.log SessionListener: contextDestroyed()
21-May-2022 11:41:28.897 INFO [main] org.apache.catalina.core.ApplicationContext.log ContextListener: contextDestroyed()
21-May-2022 11:41:32.345 INFO [main] org.apache.catalina.core.ApplicationContext.log ContextListener: contextInitialized()
21-May-2022 11:41:32.345 INFO [main] org.apache.catalina.core.ApplicationContext.log SessionListener: contextInitialized()
21-May-2022 11:41:32.348 INFO [main] org.apache.catalina.core.ApplicationContext.log ContextListener: attributeAdded('StockTicker', 'async.Stockticker@547e29a4')
21-May-2022 11:42:54.192 INFO [main] org.apache.catalina.core.ApplicationContext.log SessionListener: contextDestroyed()
21-May-2022 11:42:54.192 INFO [main] org.apache.catalina.core.ApplicationContext.log ContextListener: contextDestroyed()
21-May-2022 11:42:58.050 INFO [main] org.apache.catalina.core.ApplicationContext.log ContextListener: contextInitialized()
21-May-2022 11:42:58.051 INFO [main] org.apache.catalina.core.ApplicationContext.log SessionListener: contextInitialized()
21-May-2022 11:42:58.053 INFO [main] org.apache.catalina.core.ApplicationContext.log ContextListener: attributeAdded('StockTicker', 'async.Stockticker@4cc61eb1')
21-May-2022 11:45:00.490 INFO [main] org.apache.catalina.core.ApplicationContext.log SessionListener: contextDestroyed()
21-May-2022 11:45:00.490 INFO [main] org.apache.catalina.core.ApplicationContext.log ContextListener: contextDestroyed()
21-May-2022 11:45:03.927 INFO [main] org.apache.catalina.core.ApplicationContext.log ContextListener: contextInitialized()
21-May-2022 11:45:03.927 INFO [main] org.apache.catalina.core.ApplicationContext.log SessionListener: contextInitialized()
21-May-2022 11:45:03.930 INFO [main] org.apache.catalina.core.ApplicationContext.log ContextListener: attributeAdded('StockTicker', 'async.Stockticker@69c43e48')
21-May-2022 11:46:37.749 INFO [main] org.apache.catalina.core.ApplicationContext.log SessionListener: contextDestroyed()
21-May-2022 11:46:37.749 INFO [main] org.apache.catalina.core.ApplicationContext.log ContextListener: contextDestroyed()
21-May-2022 11:46:41.312 INFO [main] org.apache.catalina.core.ApplicationContext.log ContextListener: contextInitialized()
21-May-2022 11:46:41.313 INFO [main] org.apache.catalina.core.ApplicationContext.log SessionListener: contextInitialized()
21-May-2022 11:46:41.322 INFO [main] org.apache.catalina.core.ApplicationContext.log ContextListener: attributeAdded('StockTicker', 'async.Stockticker@1c807b1d')
21-May-2022 11:50:54.311 INFO [main] org.apache.catalina.core.ApplicationContext.log SessionListener: contextDestroyed()
21-May-2022 11:50:54.312 INFO [main] org.apache.catalina.core.ApplicationContext.log ContextListener: contextDestroyed()
21-May-2022 11:50:57.847 INFO [main] org.apache.catalina.core.ApplicationContext.log ContextListener: contextInitialized()
21-May-2022 11:50:57.847 INFO [main] org.apache.catalina.core.ApplicationContext.log SessionListener: contextInitialized()
21-May-2022 11:50:57.850 INFO [main] org.apache.catalina.core.ApplicationContext.log ContextListener: attributeAdded('StockTicker', 'async.Stockticker@2024293c')
21-May-2022 11:54:28.123 INFO [main] org.apache.catalina.core.ApplicationContext.log SessionListener: contextDestroyed()
21-May-2022 11:54:28.123 INFO [main] org.apache.catalina.core.ApplicationContext.log ContextListener: contextDestroyed()
21-May-2022 11:54:31.758 INFO [main] org.apache.catalina.core.ApplicationContext.log ContextListener: contextInitialized()
21-May-2022 11:54:31.758 INFO [main] org.apache.catalina.core.ApplicationContext.log SessionListener: contextInitialized()
21-May-2022 11:54:31.761 INFO [main] org.apache.catalina.core.ApplicationContext.log ContextListener: attributeAdded('StockTicker', 'async.Stockticker@3caa4757')
21-May-2022 11:57:23.709 INFO [main] org.apache.catalina.core.ApplicationContext.log SessionListener: contextDestroyed()
21-May-2022 11:57:23.709 INFO [main] org.apache.catalina.core.ApplicationContext.log ContextListener: contextDestroyed()
21-May-2022 11:57:27.553 INFO [main] org.apache.catalina.core.ApplicationContext.log ContextListener: contextInitialized()
21-May-2022 11:57:27.553 INFO [main] org.apache.catalina.core.ApplicationContext.log SessionListener: contextInitialized()
21-May-2022 11:57:27.560 INFO [main] org.apache.catalina.core.ApplicationContext.log ContextListener: attributeAdded('StockTicker', 'async.Stockticker@1804f60d')
21-May-2022 12:00:22.555 INFO [main] org.apache.catalina.core.ApplicationContext.log SessionListener: contextDestroyed()
21-May-2022 12:00:22.555 INFO [main] org.apache.catalina.core.ApplicationContext.log ContextListener: contextDestroyed()
21-May-2022 12:00:29.578 INFO [main] org.apache.catalina.core.ApplicationContext.log ContextListener: contextInitialized()
21-May-2022 12:00:29.578 INFO [main] org.apache.catalina.core.ApplicationContext.log SessionListener: contextInitialized()
21-May-2022 12:00:29.584 INFO [main] org.apache.catalina.core.ApplicationContext.log ContextListener: attributeAdded('StockTicker', 'async.Stockticker@3a80515c')
21-May-2022 12:01:19.435 INFO [main] org.apache.catalina.core.ApplicationContext.log SessionListener: contextDestroyed()
21-May-2022 12:01:19.435 INFO [main] org.apache.catalina.core.ApplicationContext.log ContextListener: contextDestroyed()
21-May-2022 12:01:25.648 INFO [main] org.apache.catalina.core.ApplicationContext.log ContextListener: contextInitialized()
21-May-2022 12:01:25.649 INFO [main] org.apache.catalina.core.ApplicationContext.log SessionListener: contextInitialized()
21-May-2022 12:01:25.654 INFO [main] org.apache.catalina.core.ApplicationContext.log ContextListener: attributeAdded('StockTicker', 'async.Stockticker@1c807b1d')
21-May-2022 12:02:28.058 INFO [main] org.apache.catalina.core.ApplicationContext.log SessionListener: contextDestroyed()
21-May-2022 12:02:28.059 INFO [main] org.apache.catalina.core.ApplicationContext.log ContextListener: contextDestroyed()
21-May-2022 12:02:34.737 INFO [main] org.apache.catalina.core.ApplicationContext.log ContextListener: contextInitialized()
21-May-2022 12:02:34.737 INFO [main] org.apache.catalina.core.ApplicationContext.log SessionListener: contextInitialized()
21-May-2022 12:02:34.743 INFO [main] org.apache.catalina.core.ApplicationContext.log ContextListener: attributeAdded('StockTicker', 'async.Stockticker@4cc61eb1')
21-May-2022 12:05:17.828 INFO [main] org.apache.catalina.core.ApplicationContext.log SessionListener: contextDestroyed()
21-May-2022 12:05:17.829 INFO [main] org.apache.catalina.core.ApplicationContext.log ContextListener: contextDestroyed()
21-May-2022 12:05:24.652 INFO [main] org.apache.catalina.core.ApplicationContext.log ContextListener: contextInitialized()
21-May-2022 12:05:24.653 INFO [main] org.apache.catalina.core.ApplicationContext.log SessionListener: contextInitialized()
21-May-2022 12:05:24.659 INFO [main] org.apache.catalina.core.ApplicationContext.log ContextListener: attributeAdded('StockTicker', 'async.Stockticker@3a80515c')
21-May-2022 12:10:56.193 INFO [main] org.apache.catalina.core.ApplicationContext.log SessionListener: contextDestroyed()
21-May-2022 12:10:56.193 INFO [main] org.apache.catalina.core.ApplicationContext.log ContextListener: contextDestroyed()
21-May-2022 12:11:01.819 INFO [main] org.apache.catalina.core.ApplicationContext.log ContextListener: contextInitialized()
21-May-2022 12:11:01.820 INFO [main] org.apache.catalina.core.ApplicationContext.log SessionListener: contextInitialized()
21-May-2022 12:11:01.826 INFO [main] org.apache.catalina.core.ApplicationContext.log ContextListener: attributeAdded('StockTicker', 'async.Stockticker@1d572e62')
21-May-2022 12:12:55.088 INFO [main] org.apache.catalina.core.ApplicationContext.log SessionListener: contextDestroyed()
21-May-2022 12:12:55.088 INFO [main] org.apache.catalina.core.ApplicationContext.log ContextListener: contextDestroyed()
21-May-2022 12:13:02.721 INFO [main] org.apache.catalina.core.ApplicationContext.log ContextListener: contextInitialized()
21-May-2022 12:13:02.721 INFO [main] org.apache.catalina.core.ApplicationContext.log SessionListener: contextInitialized()
21-May-2022 12:13:02.729 INFO [main] org.apache.catalina.core.ApplicationContext.log ContextListener: attributeAdded('StockTicker', 'async.Stockticker@3caa4757')
21-May-2022 12:14:11.478 INFO [main] org.apache.catalina.core.ApplicationContext.log SessionListener: contextDestroyed()
21-May-2022 12:14:11.479 INFO [main] org.apache.catalina.core.ApplicationContext.log ContextListener: contextDestroyed()
21-May-2022 12:14:17.763 INFO [main] org.apache.catalina.core.ApplicationContext.log ContextListener: contextInitialized()
21-May-2022 12:14:17.763 INFO [main] org.apache.catalina.core.ApplicationContext.log SessionListener: contextInitialized()
21-May-2022 12:14:17.770 INFO [main] org.apache.catalina.core.ApplicationContext.log ContextListener: attributeAdded('StockTicker', 'async.Stockticker@3caa4757')
21-May-2022 12:15:18.020 INFO [main] org.apache.catalina.core.ApplicationContext.log SessionListener: contextDestroyed()
21-May-2022 12:15:18.020 INFO [main] org.apache.catalina.core.ApplicationContext.log ContextListener: contextDestroyed()
21-May-2022 12:15:24.953 INFO [main] org.apache.catalina.core.ApplicationContext.log ContextListener: contextInitialized()
21-May-2022 12:15:24.955 INFO [main] org.apache.catalina.core.ApplicationContext.log SessionListener: contextInitialized()
21-May-2022 12:15:24.961 INFO [main] org.apache.catalina.core.ApplicationContext.log ContextListener: attributeAdded('StockTicker', 'async.Stockticker@7cd1ac19')
21-May-2022 12:32:13.459 INFO [main] org.apache.catalina.core.ApplicationContext.log SessionListener: contextDestroyed()
21-May-2022 12:32:13.459 INFO [main] org.apache.catalina.core.ApplicationContext.log ContextListener: contextDestroyed()
21-May-2022 12:32:16.644 INFO [main] org.apache.catalina.core.ApplicationContext.log ContextListener: contextInitialized()
21-May-2022 12:32:16.644 INFO [main] org.apache.catalina.core.ApplicationContext.log SessionListener: contextInitialized()
21-May-2022 12:32:16.647 INFO [main] org.apache.catalina.core.ApplicationContext.log ContextListener: attributeAdded('StockTicker', 'async.Stockticker@7048f722')
21-May-2022 12:33:32.277 INFO [main] org.apache.catalina.core.ApplicationContext.log SessionListener: contextDestroyed()
21-May-2022 12:33:32.277 INFO [main] org.apache.catalina.core.ApplicationContext.log ContextListener: contextDestroyed()
21-May-2022 12:33:37.017 INFO [main] org.apache.catalina.core.ApplicationContext.log ContextListener: contextInitialized()
21-May-2022 12:33:37.018 INFO [main] org.apache.catalina.core.ApplicationContext.log SessionListener: contextInitialized()
21-May-2022 12:33:37.020 INFO [main] org.apache.catalina.core.ApplicationContext.log ContextListener: attributeAdded('StockTicker', 'async.Stockticker@2f40a43')
21-May-2022 12:38:44.804 INFO [main] org.apache.catalina.core.ApplicationContext.log SessionListener: contextDestroyed()
21-May-2022 12:38:44.804 INFO [main] org.apache.catalina.core.ApplicationContext.log ContextListener: contextDestroyed()
21-May-2022 12:38:49.671 INFO [main] org.apache.catalina.core.ApplicationContext.log ContextListener: contextInitialized()
21-May-2022 12:38:49.671 INFO [main] org.apache.catalina.core.ApplicationContext.log SessionListener: contextInitialized()
21-May-2022 12:38:49.675 INFO [main] org.apache.catalina.core.ApplicationContext.log ContextListener: attributeAdded('StockTicker', 'async.Stockticker@7048f722')
21-May-2022 12:39:57.091 INFO [main] org.apache.catalina.core.ApplicationContext.log SessionListener: contextDestroyed()
21-May-2022 12:39:57.091 INFO [main] org.apache.catalina.core.ApplicationContext.log ContextListener: contextDestroyed()
21-May-2022 12:40:00.596 INFO [main] org.apache.catalina.core.ApplicationContext.log ContextListener: contextInitialized()
21-May-2022 12:40:00.596 INFO [main] org.apache.catalina.core.ApplicationContext.log SessionListener: contextInitialized()
21-May-2022 12:40:00.598 INFO [main] org.apache.catalina.core.ApplicationContext.log ContextListener: attributeAdded('StockTicker', 'async.Stockticker@1c807b1d')
21-May-2022 12:42:33.205 INFO [main] org.apache.catalina.core.ApplicationContext.log SessionListener: contextDestroyed()
21-May-2022 12:42:33.205 INFO [main] org.apache.catalina.core.ApplicationContext.log ContextListener: contextDestroyed()
21-May-2022 12:42:36.508 INFO [main] org.apache.catalina.core.ApplicationContext.log ContextListener: contextInitialized()
21-May-2022 12:42:36.508 INFO [main] org.apache.catalina.core.ApplicationContext.log SessionListener: contextInitialized()
21-May-2022 12:42:36.509 INFO [main] org.apache.catalina.core.ApplicationContext.log ContextListener: attributeAdded('StockTicker', 'async.Stockticker@2d8f2f3a')
21-May-2022 12:43:35.139 INFO [main] org.apache.catalina.core.ApplicationContext.log SessionListener: contextDestroyed()
21-May-2022 12:43:35.139 INFO [main] org.apache.catalina.core.ApplicationContext.log ContextListener: contextDestroyed()
21-May-2022 12:43:39.592 INFO [main] org.apache.catalina.core.ApplicationContext.log ContextListener: contextInitialized()
21-May-2022 12:43:39.593 INFO [main] org.apache.catalina.core.ApplicationContext.log SessionListener: contextInitialized()
21-May-2022 12:43:39.595 INFO [main] org.apache.catalina.core.ApplicationContext.log ContextListener: attributeAdded('StockTicker', 'async.Stockticker@238b521e')
21-May-2022 12:53:40.926 INFO [main] org.apache.catalina.core.ApplicationContext.log SessionListener: contextDestroyed()
21-May-2022 12:53:40.927 INFO [main] org.apache.catalina.core.ApplicationContext.log ContextListener: contextDestroyed()
21-May-2022 12:53:44.927 INFO [main] org.apache.catalina.core.ApplicationContext.log ContextListener: contextInitialized()
21-May-2022 12:53:44.927 INFO [main] org.apache.catalina.core.ApplicationContext.log SessionListener: contextInitialized()
21-May-2022 12:53:44.929 INFO [main] org.apache.catalina.core.ApplicationContext.log ContextListener: attributeAdded('StockTicker', 'async.Stockticker@5851bd4f')
21-May-2022 12:54:36.265 INFO [main] org.apache.catalina.core.ApplicationContext.log SessionListener: contextDestroyed()
21-May-2022 12:54:36.265 INFO [main] org.apache.catalina.core.ApplicationContext.log ContextListener: contextDestroyed()
21-May-2022 12:54:39.572 INFO [main] org.apache.catalina.core.ApplicationContext.log ContextListener: contextInitialized()
21-May-2022 12:54:39.573 INFO [main] org.apache.catalina.core.ApplicationContext.log SessionListener: contextInitialized()
21-May-2022 12:54:39.574 INFO [main] org.apache.catalina.core.ApplicationContext.log ContextListener: attributeAdded('StockTicker', 'async.Stockticker@3a80515c')
21-May-2022 12:56:01.816 INFO [main] org.apache.catalina.core.ApplicationContext.log SessionListener: contextDestroyed()
21-May-2022 12:56:01.817 INFO [main] org.apache.catalina.core.ApplicationContext.log ContextListener: contextDestroyed()
21-May-2022 12:56:04.914 INFO [main] org.apache.catalina.core.ApplicationContext.log ContextListener: contextInitialized()
21-May-2022 12:56:04.914 INFO [main] org.apache.catalina.core.ApplicationContext.log SessionListener: contextInitialized()
21-May-2022 12:56:04.916 INFO [main] org.apache.catalina.core.ApplicationContext.log ContextListener: attributeAdded('StockTicker', 'async.Stockticker@21680803')
21-May-2022 12:56:52.441 INFO [main] org.apache.catalina.core.ApplicationContext.log SessionListener: contextDestroyed()
21-May-2022 12:56:52.441 INFO [main] org.apache.catalina.core.ApplicationContext.log ContextListener: contextDestroyed()
21-May-2022 12:56:55.600 INFO [main] org.apache.catalina.core.ApplicationContext.log ContextListener: contextInitialized()
21-May-2022 12:56:55.600 INFO [main] org.apache.catalina.core.ApplicationContext.log SessionListener: contextInitialized()
21-May-2022 12:56:55.602 INFO [main] org.apache.catalina.core.ApplicationContext.log ContextListener: attributeAdded('StockTicker', 'async.Stockticker@3a80515c')
21-May-2022 13:03:25.582 INFO [main] org.apache.catalina.core.ApplicationContext.log SessionListener: contextDestroyed()
21-May-2022 13:03:25.582 INFO [main] org.apache.catalina.core.ApplicationContext.log ContextListener: contextDestroyed()
21-May-2022 13:03:28.809 INFO [main] org.apache.catalina.core.ApplicationContext.log ContextListener: contextInitialized()
21-May-2022 13:03:28.809 INFO [main] org.apache.catalina.core.ApplicationContext.log SessionListener: contextInitialized()
21-May-2022 13:03:28.812 INFO [main] org.apache.catalina.core.ApplicationContext.log ContextListener: attributeAdded('StockTicker', 'async.Stockticker@46cf05f7')
21-May-2022 13:05:38.748 INFO [main] org.apache.catalina.core.ApplicationContext.log SessionListener: contextDestroyed()
21-May-2022 13:05:38.748 INFO [main] org.apache.catalina.core.ApplicationContext.log ContextListener: contextDestroyed()
21-May-2022 13:05:41.775 INFO [main] org.apache.catalina.core.ApplicationContext.log ContextListener: contextInitialized()
21-May-2022 13:05:41.775 INFO [main] org.apache.catalina.core.ApplicationContext.log SessionListener: contextInitialized()
21-May-2022 13:05:41.778 INFO [main] org.apache.catalina.core.ApplicationContext.log ContextListener: attributeAdded('StockTicker', 'async.Stockticker@3e2fc448')
21-May-2022 13:06:29.236 INFO [main] org.apache.catalina.core.ApplicationContext.log SessionListener: contextDestroyed()
21-May-2022 13:06:29.237 INFO [main] org.apache.catalina.core.ApplicationContext.log ContextListener: contextDestroyed()
21-May-2022 13:06:32.542 INFO [main] org.apache.catalina.core.ApplicationContext.log ContextListener: contextInitialized()
21-May-2022 13:06:32.542 INFO [main] org.apache.catalina.core.ApplicationContext.log SessionListener: contextInitialized()
21-May-2022 13:06:32.544 INFO [main] org.apache.catalina.core.ApplicationContext.log ContextListener: attributeAdded('StockTicker', 'async.Stockticker@69c43e48')
21-May-2022 13:09:22.012 INFO [main] org.apache.catalina.core.ApplicationContext.log SessionListener: contextDestroyed()
21-May-2022 13:09:22.012 INFO [main] org.apache.catalina.core.ApplicationContext.log ContextListener: contextDestroyed()
21-May-2022 13:09:26.100 INFO [main] org.apache.catalina.core.ApplicationContext.log ContextListener: contextInitialized()
21-May-2022 13:09:26.100 INFO [main] org.apache.catalina.core.ApplicationContext.log SessionListener: contextInitialized()
21-May-2022 13:09:26.102 INFO [main] org.apache.catalina.core.ApplicationContext.log ContextListener: attributeAdded('StockTicker', 'async.Stockticker@238b521e')
21-May-2022 13:15:21.643 INFO [main] org.apache.catalina.core.ApplicationContext.log SessionListener: contextDestroyed()
21-May-2022 13:15:21.643 INFO [main] org.apache.catalina.core.ApplicationContext.log ContextListener: contextDestroyed()
21-May-2022 13:15:24.816 INFO [main] org.apache.catalina.core.ApplicationContext.log ContextListener: contextInitialized()
21-May-2022 13:15:24.816 INFO [main] org.apache.catalina.core.ApplicationContext.log SessionListener: contextInitialized()
21-May-2022 13:15:24.818 INFO [main] org.apache.catalina.core.ApplicationContext.log ContextListener: attributeAdded('StockTicker', 'async.Stockticker@1804f60d')
21-May-2022 13:19:41.797 INFO [main] org.apache.catalina.core.ApplicationContext.log SessionListener: contextDestroyed()
21-May-2022 13:19:41.797 INFO [main] org.apache.catalina.core.ApplicationContext.log ContextListener: contextDestroyed()
21-May-2022 13:19:45.073 INFO [main] org.apache.catalina.core.ApplicationContext.log ContextListener: contextInitialized()
21-May-2022 13:19:45.073 INFO [main] org.apache.catalina.core.ApplicationContext.log SessionListener: contextInitialized()
21-May-2022 13:19:45.075 INFO [main] org.apache.catalina.core.ApplicationContext.log ContextListener: attributeAdded('StockTicker', 'async.Stockticker@c8b96ec')
21-May-2022 13:22:26.433 INFO [main] org.apache.catalina.core.ApplicationContext.log SessionListener: contextDestroyed()
21-May-2022 13:22:26.433 INFO [main] org.apache.catalina.core.ApplicationContext.log ContextListener: contextDestroyed()
21-May-2022 13:22:30.424 INFO [main] org.apache.catalina.core.ApplicationContext.log ContextListener: contextInitialized()
21-May-2022 13:22:30.424 INFO [main] org.apache.catalina.core.ApplicationContext.log SessionListener: contextInitialized()
21-May-2022 13:22:30.427 INFO [main] org.apache.catalina.core.ApplicationContext.log ContextListener: attributeAdded('StockTicker', 'async.Stockticker@547e29a4')
21-May-2022 13:23:51.322 INFO [main] org.apache.catalina.core.ApplicationContext.log SessionListener: contextDestroyed()
21-May-2022 13:23:51.322 INFO [main] org.apache.catalina.core.ApplicationContext.log ContextListener: contextDestroyed()
21-May-2022 13:23:55.739 INFO [main] org.apache.catalina.core.ApplicationContext.log ContextListener: contextInitialized()
21-May-2022 13:23:55.739 INFO [main] org.apache.catalina.core.ApplicationContext.log SessionListener: contextInitialized()
21-May-2022 13:23:55.741 INFO [main] org.apache.catalina.core.ApplicationContext.log ContextListener: attributeAdded('StockTicker', 'async.Stockticker@69c43e48')
21-May-2022 13:26:18.419 INFO [main] org.apache.catalina.core.ApplicationContext.log SessionListener: contextDestroyed()
21-May-2022 13:26:18.419 INFO [main] org.apache.catalina.core.ApplicationContext.log ContextListener: contextDestroyed()
21-May-2022 13:26:21.681 INFO [main] org.apache.catalina.core.ApplicationContext.log ContextListener: contextInitialized()
21-May-2022 13:26:21.681 INFO [main] org.apache.catalina.core.ApplicationContext.log SessionListener: contextInitialized()
21-May-2022 13:26:21.683 INFO [main] org.apache.catalina.core.ApplicationContext.log ContextListener: attributeAdded('StockTicker', 'async.Stockticker@547e29a4')
21-May-2022 13:27:13.195 INFO [main] org.apache.catalina.core.ApplicationContext.log SessionListener: contextDestroyed()
21-May-2022 13:27:13.195 INFO [main] org.apache.catalina.core.ApplicationContext.log ContextListener: contextDestroyed()
21-May-2022 13:27:16.865 INFO [main] org.apache.catalina.core.ApplicationContext.log ContextListener: contextInitialized()
21-May-2022 13:27:16.865 INFO [main] org.apache.catalina.core.ApplicationContext.log SessionListener: contextInitialized()
21-May-2022 13:27:16.867 INFO [main] org.apache.catalina.core.ApplicationContext.log ContextListener: attributeAdded('StockTicker', 'async.Stockticker@c8b96ec')
21-May-2022 13:28:28.965 INFO [main] org.apache.catalina.core.ApplicationContext.log SessionListener: contextDestroyed()
21-May-2022 13:28:28.965 INFO [main] org.apache.catalina.core.ApplicationContext.log ContextListener: contextDestroyed()
21-May-2022 13:28:32.208 INFO [main] org.apache.catalina.core.ApplicationContext.log ContextListener: contextInitialized()
21-May-2022 13:28:32.208 INFO [main] org.apache.catalina.core.ApplicationContext.log SessionListener: contextInitialized()
21-May-2022 13:28:32.210 INFO [main] org.apache.catalina.core.ApplicationContext.log ContextListener: attributeAdded('StockTicker', 'async.Stockticker@3e2fc448')
21-May-2022 13:30:00.075 INFO [main] org.apache.catalina.core.ApplicationContext.log SessionListener: contextDestroyed()
21-May-2022 13:30:00.075 INFO [main] org.apache.catalina.core.ApplicationContext.log ContextListener: contextDestroyed()
21-May-2022 13:30:03.459 INFO [main] org.apache.catalina.core.ApplicationContext.log ContextListener: contextInitialized()
21-May-2022 13:30:03.459 INFO [main] org.apache.catalina.core.ApplicationContext.log SessionListener: contextInitialized()
21-May-2022 13:30:03.460 INFO [main] org.apache.catalina.core.ApplicationContext.log ContextListener: attributeAdded('StockTicker', 'async.Stockticker@29caf222')
21-May-2022 13:31:36.953 INFO [main] org.apache.catalina.core.ApplicationContext.log SessionListener: contextDestroyed()
21-May-2022 13:31:36.954 INFO [main] org.apache.catalina.core.ApplicationContext.log ContextListener: contextDestroyed()
21-May-2022 13:31:40.238 INFO [main] org.apache.catalina.core.ApplicationContext.log ContextListener: contextInitialized()
21-May-2022 13:31:40.238 INFO [main] org.apache.catalina.core.ApplicationContext.log SessionListener: contextInitialized()
21-May-2022 13:31:40.240 INFO [main] org.apache.catalina.core.ApplicationContext.log ContextListener: attributeAdded('StockTicker', 'async.Stockticker@1804f60d')
21-May-2022 13:32:19.824 INFO [main] org.apache.catalina.core.ApplicationContext.log SessionListener: contextDestroyed()
21-May-2022 13:32:19.824 INFO [main] org.apache.catalina.core.ApplicationContext.log ContextListener: contextDestroyed()
21-May-2022 13:32:23.815 INFO [main] org.apache.catalina.core.ApplicationContext.log ContextListener: contextInitialized()
21-May-2022 13:32:23.815 INFO [main] org.apache.catalina.core.ApplicationContext.log SessionListener: contextInitialized()
21-May-2022 13:32:23.818 INFO [main] org.apache.catalina.core.ApplicationContext.log ContextListener: attributeAdded('StockTicker', 'async.Stockticker@5851bd4f')
21-May-2022 14:34:37.948 INFO [main] org.apache.catalina.core.ApplicationContext.log SessionListener: contextDestroyed()
21-May-2022 14:34:37.948 INFO [main] org.apache.catalina.core.ApplicationContext.log ContextListener: contextDestroyed()
21-May-2022 14:34:41.743 INFO [main] org.apache.catalina.core.ApplicationContext.log ContextListener: contextInitialized()
21-May-2022 14:34:41.743 INFO [main] org.apache.catalina.core.ApplicationContext.log SessionListener: contextInitialized()
21-May-2022 14:34:41.747 INFO [main] org.apache.catalina.core.ApplicationContext.log ContextListener: attributeAdded('StockTicker', 'async.Stockticker@1b39fd82')
21-May-2022 14:36:30.893 INFO [main] org.apache.catalina.core.ApplicationContext.log SessionListener: contextDestroyed()
21-May-2022 14:36:30.894 INFO [main] org.apache.catalina.core.ApplicationContext.log ContextListener: contextDestroyed()
21-May-2022 14:36:34.326 INFO [main] org.apache.catalina.core.ApplicationContext.log ContextListener: contextInitialized()
21-May-2022 14:36:34.326 INFO [main] org.apache.catalina.core.ApplicationContext.log SessionListener: contextInitialized()
21-May-2022 14:36:34.329 INFO [main] org.apache.catalina.core.ApplicationContext.log ContextListener: attributeAdded('StockTicker', 'async.Stockticker@1804f60d')
21-May-2022 17:46:47.575 INFO [main] org.apache.catalina.core.ApplicationContext.log SessionListener: contextDestroyed()
21-May-2022 17:46:47.575 INFO [main] org.apache.catalina.core.ApplicationContext.log ContextListener: contextDestroyed()
21-May-2022 17:46:52.203 INFO [main] org.apache.catalina.core.ApplicationContext.log ContextListener: contextInitialized()
21-May-2022 17:46:52.203 INFO [main] org.apache.catalina.core.ApplicationContext.log SessionListener: contextInitialized()
21-May-2022 17:46:52.207 INFO [main] org.apache.catalina.core.ApplicationContext.log ContextListener: attributeAdded('StockTicker', 'async.Stockticker@1c807b1d')
21-May-2022 17:47:45.356 INFO [main] org.apache.catalina.core.ApplicationContext.log ContextListener: contextInitialized()
21-May-2022 17:47:45.357 INFO [main] org.apache.catalina.core.ApplicationContext.log SessionListener: contextInitialized()
21-May-2022 17:47:45.362 INFO [main] org.apache.catalina.core.ApplicationContext.log ContextListener: attributeAdded('StockTicker', 'async.Stockticker@49a64d82')
21-May-2022 17:47:45.561 INFO [main] org.apache.catalina.core.ApplicationContext.log SessionListener: contextDestroyed()
21-May-2022 17:47:45.561 INFO [main] org.apache.catalina.core.ApplicationContext.log ContextListener: contextDestroyed()
21-May-2022 17:48:14.014 INFO [main] org.apache.catalina.core.ApplicationContext.log SessionListener: contextDestroyed()
21-May-2022 17:48:14.014 INFO [main] org.apache.catalina.core.ApplicationContext.log ContextListener: contextDestroyed()
21-May-2022 17:48:18.008 INFO [main] org.apache.catalina.core.ApplicationContext.log ContextListener: contextInitialized()
21-May-2022 17:48:18.008 INFO [main] org.apache.catalina.core.ApplicationContext.log SessionListener: contextInitialized()
21-May-2022 17:48:18.011 INFO [main] org.apache.catalina.core.ApplicationContext.log ContextListener: attributeAdded('StockTicker', 'async.Stockticker@21680803')
21-May-2022 17:51:40.333 INFO [main] org.apache.catalina.core.ApplicationContext.log SessionListener: contextDestroyed()
21-May-2022 17:51:40.334 INFO [main] org.apache.catalina.core.ApplicationContext.log ContextListener: contextDestroyed()
21-May-2022 17:51:44.832 INFO [main] org.apache.catalina.core.ApplicationContext.log ContextListener: contextInitialized()
21-May-2022 17:51:44.832 INFO [main] org.apache.catalina.core.ApplicationContext.log SessionListener: contextInitialized()
21-May-2022 17:51:44.835 INFO [main] org.apache.catalina.core.ApplicationContext.log ContextListener: attributeAdded('StockTicker', 'async.Stockticker@c8b96ec')
21-May-2022 17:53:00.069 INFO [main] org.apache.catalina.core.ApplicationContext.log SessionListener: contextDestroyed()
21-May-2022 17:53:00.069 INFO [main] org.apache.catalina.core.ApplicationContext.log ContextListener: contextDestroyed()
21-May-2022 17:53:04.981 INFO [main] org.apache.catalina.core.ApplicationContext.log ContextListener: contextInitialized()
21-May-2022 17:53:04.982 INFO [main] org.apache.catalina.core.ApplicationContext.log SessionListener: contextInitialized()
21-May-2022 17:53:04.984 INFO [main] org.apache.catalina.core.ApplicationContext.log ContextListener: attributeAdded('StockTicker', 'async.Stockticker@1c807b1d')
21-May-2022 17:55:23.695 INFO [main] org.apache.catalina.core.ApplicationContext.log SessionListener: contextDestroyed()
21-May-2022 17:55:23.697 INFO [main] org.apache.catalina.core.ApplicationContext.log ContextListener: contextDestroyed()
21-May-2022 17:55:28.658 INFO [main] org.apache.catalina.core.ApplicationContext.log ContextListener: contextInitialized()
21-May-2022 17:55:28.659 INFO [main] org.apache.catalina.core.ApplicationContext.log SessionListener: contextInitialized()
21-May-2022 17:55:28.662 INFO [main] org.apache.catalina.core.ApplicationContext.log ContextListener: attributeAdded('StockTicker', 'async.Stockticker@69c43e48')
21-May-2022 19:39:28.484 INFO [main] org.apache.catalina.core.ApplicationContext.log ContextListener: contextInitialized()
21-May-2022 19:39:28.485 INFO [main] org.apache.catalina.core.ApplicationContext.log SessionListener: contextInitialized()
21-May-2022 19:39:28.487 INFO [main] org.apache.catalina.core.ApplicationContext.log ContextListener: attributeAdded('StockTicker', 'async.Stockticker@3a80515c')
21-May-2022 19:39:58.056 INFO [http-nio-9090-exec-3] org.apache.catalina.core.ApplicationContext.log Marking servlet [InterfaceHandler] as unavailable
21-May-2022 19:39:58.057 SEVERE [http-nio-9090-exec-3] org.apache.catalina.core.StandardWrapperValve.invoke Allocate exception for servlet [InterfaceHandler]
	java.lang.ClassNotFoundException: InterfaceHandler
		at org.apache.catalina.loader.WebappClassLoaderBase.loadClass(WebappClassLoaderBase.java:1412)
		at org.apache.catalina.loader.WebappClassLoaderBase.loadClass(WebappClassLoaderBase.java:1220)
		at org.apache.catalina.core.DefaultInstanceManager.loadClass(DefaultInstanceManager.java:534)
		at org.apache.catalina.core.DefaultInstanceManager.loadClassMaybePrivileged(DefaultInstanceManager.java:515)
		at org.apache.catalina.core.DefaultInstanceManager.newInstance(DefaultInstanceManager.java:149)
		at org.apache.catalina.core.StandardWrapper.loadServlet(StandardWrapper.java:1070)
		at org.apache.catalina.core.StandardWrapper.allocate(StandardWrapper.java:788)
		at org.apache.catalina.core.StandardWrapperValve.invoke(StandardWrapperValve.java:128)
		at org.apache.catalina.core.StandardContextValve.invoke(StandardContextValve.java:97)
		at org.apache.catalina.authenticator.AuthenticatorBase.invoke(AuthenticatorBase.java:541)
		at org.apache.catalina.core.StandardHostValve.invoke(StandardHostValve.java:135)
		at org.apache.catalina.valves.ErrorReportValve.invoke(ErrorReportValve.java:92)
		at org.apache.catalina.valves.AbstractAccessLogValve.invoke(AbstractAccessLogValve.java:687)
		at org.apache.catalina.core.StandardEngineValve.invoke(StandardEngineValve.java:78)
		at org.apache.catalina.connector.CoyoteAdapter.service(CoyoteAdapter.java:360)
		at org.apache.coyote.http11.Http11Processor.service(Http11Processor.java:399)
		at org.apache.coyote.AbstractProcessorLight.process(AbstractProcessorLight.java:65)
		at org.apache.coyote.AbstractProtocol$ConnectionHandler.process(AbstractProtocol.java:890)
		at org.apache.tomcat.util.net.NioEndpoint$SocketProcessor.doRun(NioEndpoint.java:1743)
		at org.apache.tomcat.util.net.SocketProcessorBase.run(SocketProcessorBase.java:49)
		at org.apache.tomcat.util.threads.ThreadPoolExecutor.runWorker(ThreadPoolExecutor.java:1191)
		at org.apache.tomcat.util.threads.ThreadPoolExecutor$Worker.run(ThreadPoolExecutor.java:659)
		at org.apache.tomcat.util.threads.TaskThread$WrappingRunnable.run(TaskThread.java:61)
		at java.base/java.lang.Thread.run(Thread.java:829)
21-May-2022 19:43:15.214 INFO [main] org.apache.catalina.core.ApplicationContext.log SessionListener: contextDestroyed()
21-May-2022 19:43:15.214 INFO [main] org.apache.catalina.core.ApplicationContext.log ContextListener: contextDestroyed()
21-May-2022 19:43:18.811 INFO [main] org.apache.catalina.core.ApplicationContext.log ContextListener: contextInitialized()
21-May-2022 19:43:18.811 INFO [main] org.apache.catalina.core.ApplicationContext.log SessionListener: contextInitialized()
21-May-2022 19:43:18.813 INFO [main] org.apache.catalina.core.ApplicationContext.log ContextListener: attributeAdded('StockTicker', 'async.Stockticker@547e29a4')
21-May-2022 22:41:30.031 INFO [main] org.apache.catalina.core.ApplicationContext.log ContextListener: contextInitialized()
21-May-2022 22:41:30.031 INFO [main] org.apache.catalina.core.ApplicationContext.log SessionListener: contextInitialized()
21-May-2022 22:41:30.034 INFO [main] org.apache.catalina.core.ApplicationContext.log ContextListener: attributeAdded('StockTicker', 'async.Stockticker@1bc715b8')
21-May-2022 22:54:11.621 INFO [main] org.apache.catalina.core.ApplicationContext.log ContextListener: contextInitialized()
21-May-2022 22:54:11.622 INFO [main] org.apache.catalina.core.ApplicationContext.log SessionListener: contextInitialized()
21-May-2022 22:54:11.624 INFO [main] org.apache.catalina.core.ApplicationContext.log ContextListener: attributeAdded('StockTicker', 'async.Stockticker@16f7b4af')
21-May-2022 23:05:02.915 INFO [main] org.apache.catalina.core.ApplicationContext.log ContextListener: contextInitialized()
21-May-2022 23:05:02.915 INFO [main] org.apache.catalina.core.ApplicationContext.log SessionListener: contextInitialized()
21-May-2022 23:05:02.916 INFO [main] org.apache.catalina.core.ApplicationContext.log ContextListener: attributeAdded('StockTicker', 'async.Stockticker@6731787b')
21-May-2022 23:26:58.937 INFO [main] org.apache.catalina.core.ApplicationContext.log SessionListener: contextDestroyed()
21-May-2022 23:26:58.937 INFO [main] org.apache.catalina.core.ApplicationContext.log ContextListener: contextDestroyed()
21-May-2022 23:27:04.671 INFO [main] org.apache.catalina.core.ApplicationContext.log ContextListener: contextInitialized()
21-May-2022 23:27:04.671 INFO [main] org.apache.catalina.core.ApplicationContext.log SessionListener: contextInitialized()
21-May-2022 23:27:04.673 INFO [main] org.apache.catalina.core.ApplicationContext.log ContextListener: attributeAdded('StockTicker', 'async.Stockticker@3fc9dfc5')
